2024-08-15 15:55:17,533 INFO o.h.v.i.u.Version [background-preinit] HV000001: Hibernate Validator 8.0.1.Final
2024-08-15 15:55:17,587 INFO o.s.b.StartupInfoLogger [main] Starting QuestionServiceApplication using Java 21.0.2 with PID 14892 (C:\Atmosware-staj\questionService\target\classes started by Mert in C:\Atmosware-staj)
2024-08-15 15:55:17,588 INFO o.s.b.SpringApplication [main] No active profile set, falling back to 1 default profile: "default"
2024-08-15 15:55:19,469 INFO o.s.d.r.c.RepositoryConfigurationDelegate [main] Bootstrapping Spring Data JPA repositories in DEFAULT mode.
2024-08-15 15:55:19,626 INFO o.s.d.r.c.RepositoryConfigurationDelegate [main] Finished Spring Data repository scanning in 150 ms. Found 2 JPA repository interfaces.
2024-08-15 15:55:19,814 INFO o.s.c.c.s.GenericScope [main] BeanFactory id=bf06ff29-a0a8-3e06-96a1-725336469cbd
2024-08-15 15:55:20,212 WARN o.s.c.s.PostProcessorRegistrationDelegate$BeanPostProcessorChecker [main] Bean 'org.springframework.cloud.client.loadbalancer.LoadBalancerAutoConfiguration$DeferringLoadBalancerInterceptorConfig' of type [org.springframework.cloud.client.loadbalancer.LoadBalancerAutoConfiguration$DeferringLoadBalancerInterceptorConfig] is not eligible for getting processed by all BeanPostProcessors (for example: not eligible for auto-proxying). The currently created BeanPostProcessor [lbRestClientPostProcessor] is declared through a non-static factory method on that class; consider declaring it as static instead.
2024-08-15 15:55:20,216 WARN o.s.c.s.PostProcessorRegistrationDelegate$BeanPostProcessorChecker [main] Bean 'deferringLoadBalancerInterceptor' of type [org.springframework.cloud.client.loadbalancer.DeferringLoadBalancerInterceptor] is not eligible for getting processed by all BeanPostProcessors (for example: not eligible for auto-proxying). Is this bean getting eagerly injected into a currently created BeanPostProcessor [lbRestClientPostProcessor]? Check the corresponding BeanPostProcessor declaration and its dependencies.
2024-08-15 15:55:20,552 INFO o.s.b.w.e.t.TomcatWebServer [main] Tomcat initialized with port 5003 (http)
2024-08-15 15:55:20,562 INFO o.a.j.l.DirectJDKLog [main] Initializing ProtocolHandler ["http-nio-5003"]
2024-08-15 15:55:20,564 INFO o.a.j.l.DirectJDKLog [main] Starting service [Tomcat]
2024-08-15 15:55:20,565 INFO o.a.j.l.DirectJDKLog [main] Starting Servlet engine: [Apache Tomcat/10.1.26]
2024-08-15 15:55:20,658 INFO o.a.j.l.DirectJDKLog [main] Initializing Spring embedded WebApplicationContext
2024-08-15 15:55:20,659 INFO o.s.b.w.s.c.ServletWebServerApplicationContext [main] Root WebApplicationContext: initialization completed in 3025 ms
2024-08-15 15:55:20,864 WARN o.s.b.a.s.s.UserDetailsServiceAutoConfiguration [main] 

Using generated security password: 5b2ba6af-7416-4d62-953b-02b4600bbc0d

This generated password is for development use only. Your security configuration must be updated before running your application in production.

2024-08-15 15:55:21,121 INFO o.h.j.i.u.LogHelper [main] HHH000204: Processing PersistenceUnitInfo [name: default]
2024-08-15 15:55:21,184 INFO o.h.Version [main] HHH000412: Hibernate ORM core version 6.5.2.Final
2024-08-15 15:55:21,224 INFO o.h.c.i.RegionFactoryInitiator [main] HHH000026: Second-level cache disabled
2024-08-15 15:55:21,533 INFO o.s.o.j.p.SpringPersistenceUnitInfo [main] No LoadTimeWeaver setup: ignoring JPA class transformer
2024-08-15 15:55:21,562 INFO c.z.h.HikariDataSource [main] HikariPool-1 - Starting...
2024-08-15 15:55:21,745 INFO c.z.h.p.HikariPool [main] HikariPool-1 - Added connection org.postgresql.jdbc.PgConnection@1fa24e7
2024-08-15 15:55:21,746 INFO c.z.h.HikariDataSource [main] HikariPool-1 - Start completed.
2024-08-15 15:55:22,956 INFO o.h.e.t.j.p.i.JtaPlatformInitiator [main] HHH000489: No JTA platform available (set 'hibernate.transaction.jta.platform' to enable JTA platform integration)
2024-08-15 15:55:23,212 INFO o.s.o.j.AbstractEntityManagerFactoryBean [main] Initialized JPA EntityManagerFactory for persistence unit 'default'
2024-08-15 15:55:23,828 WARN o.s.c.s.AbstractApplicationContext [main] Exception encountered during context initialization - cancelling refresh attempt: org.springframework.beans.factory.UnsatisfiedDependencyException: Error creating bean with name 'questionController' defined in file [C:\Atmosware-staj\questionService\target\classes\com\atmosware\belatrix\questionService\api\controller\QuestionController.class]: Unsatisfied dependency expressed through constructor parameter 0: Error creating bean with name 'questionServiceImpl' defined in file [C:\Atmosware-staj\questionService\target\classes\com\atmosware\belatrix\questionService\business\concretes\QuestionServiceImpl.class]: Unsatisfied dependency expressed through constructor parameter 4: Error creating bean with name 'questionBusinessRules' defined in file [C:\Atmosware-staj\questionService\target\classes\com\atmosware\belatrix\questionService\business\rules\QuestionBusinessRules.class]: Unsatisfied dependency expressed through constructor parameter 2: No qualifying bean of type 'com.atmosware.belatrix.questionService.grpc.client.abstracts.ExamClientService' available: expected at least 1 bean which qualifies as autowire candidate. Dependency annotations: {}
2024-08-15 15:55:23,829 INFO o.s.o.j.AbstractEntityManagerFactoryBean [main] Closing JPA EntityManagerFactory for persistence unit 'default'
2024-08-15 15:55:23,830 INFO c.z.h.HikariDataSource [main] HikariPool-1 - Shutdown initiated...
2024-08-15 15:55:23,842 INFO c.z.h.HikariDataSource [main] HikariPool-1 - Shutdown completed.
2024-08-15 15:55:23,850 INFO o.a.j.l.DirectJDKLog [main] Stopping service [Tomcat]
2024-08-15 15:55:23,879 INFO o.s.b.a.l.ConditionEvaluationReportLogger [main] 

Error starting ApplicationContext. To display the condition evaluation report re-run your application with 'debug' enabled.
2024-08-15 15:55:23,916 ERROR o.s.b.d.LoggingFailureAnalysisReporter [main] 

***************************
APPLICATION FAILED TO START
***************************

Description:

Parameter 2 of constructor in com.atmosware.belatrix.questionService.business.rules.QuestionBusinessRules required a bean of type 'com.atmosware.belatrix.questionService.grpc.client.abstracts.ExamClientService' that could not be found.


Action:

Consider defining a bean of type 'com.atmosware.belatrix.questionService.grpc.client.abstracts.ExamClientService' in your configuration.

2024-08-15 15:55:47,755 INFO o.h.v.i.u.Version [background-preinit] HV000001: Hibernate Validator 8.0.1.Final
2024-08-15 15:55:47,816 INFO o.s.b.StartupInfoLogger [main] Starting QuestionServiceApplication using Java 21.0.2 with PID 9444 (C:\Atmosware-staj\questionService\target\classes started by Mert in C:\Atmosware-staj)
2024-08-15 15:55:47,817 INFO o.s.b.SpringApplication [main] No active profile set, falling back to 1 default profile: "default"
2024-08-15 15:55:49,472 INFO o.s.d.r.c.RepositoryConfigurationDelegate [main] Bootstrapping Spring Data JPA repositories in DEFAULT mode.
2024-08-15 15:55:49,628 INFO o.s.d.r.c.RepositoryConfigurationDelegate [main] Finished Spring Data repository scanning in 147 ms. Found 2 JPA repository interfaces.
2024-08-15 15:55:49,808 INFO o.s.c.c.s.GenericScope [main] BeanFactory id=b14cec3a-e8c7-3fbc-b09a-4489fcf9a70e
2024-08-15 15:55:50,187 WARN o.s.c.s.PostProcessorRegistrationDelegate$BeanPostProcessorChecker [main] Bean 'org.springframework.cloud.client.loadbalancer.LoadBalancerAutoConfiguration$DeferringLoadBalancerInterceptorConfig' of type [org.springframework.cloud.client.loadbalancer.LoadBalancerAutoConfiguration$DeferringLoadBalancerInterceptorConfig] is not eligible for getting processed by all BeanPostProcessors (for example: not eligible for auto-proxying). The currently created BeanPostProcessor [lbRestClientPostProcessor] is declared through a non-static factory method on that class; consider declaring it as static instead.
2024-08-15 15:55:50,191 WARN o.s.c.s.PostProcessorRegistrationDelegate$BeanPostProcessorChecker [main] Bean 'deferringLoadBalancerInterceptor' of type [org.springframework.cloud.client.loadbalancer.DeferringLoadBalancerInterceptor] is not eligible for getting processed by all BeanPostProcessors (for example: not eligible for auto-proxying). Is this bean getting eagerly injected into a currently created BeanPostProcessor [lbRestClientPostProcessor]? Check the corresponding BeanPostProcessor declaration and its dependencies.
2024-08-15 15:55:50,508 INFO o.s.b.w.e.t.TomcatWebServer [main] Tomcat initialized with port 5003 (http)
2024-08-15 15:55:50,521 INFO o.a.j.l.DirectJDKLog [main] Initializing ProtocolHandler ["http-nio-5003"]
2024-08-15 15:55:50,524 INFO o.a.j.l.DirectJDKLog [main] Starting service [Tomcat]
2024-08-15 15:55:50,524 INFO o.a.j.l.DirectJDKLog [main] Starting Servlet engine: [Apache Tomcat/10.1.26]
2024-08-15 15:55:50,620 INFO o.a.j.l.DirectJDKLog [main] Initializing Spring embedded WebApplicationContext
2024-08-15 15:55:50,622 INFO o.s.b.w.s.c.ServletWebServerApplicationContext [main] Root WebApplicationContext: initialization completed in 2744 ms
2024-08-15 15:55:50,812 WARN o.s.b.a.s.s.UserDetailsServiceAutoConfiguration [main] 

Using generated security password: d348cb08-edcf-44a5-a3cf-1c0c15c0c22c

This generated password is for development use only. Your security configuration must be updated before running your application in production.

2024-08-15 15:55:51,074 INFO o.h.j.i.u.LogHelper [main] HHH000204: Processing PersistenceUnitInfo [name: default]
2024-08-15 15:55:51,136 INFO o.h.Version [main] HHH000412: Hibernate ORM core version 6.5.2.Final
2024-08-15 15:55:51,173 INFO o.h.c.i.RegionFactoryInitiator [main] HHH000026: Second-level cache disabled
2024-08-15 15:55:51,480 INFO o.s.o.j.p.SpringPersistenceUnitInfo [main] No LoadTimeWeaver setup: ignoring JPA class transformer
2024-08-15 15:55:51,509 INFO c.z.h.HikariDataSource [main] HikariPool-1 - Starting...
2024-08-15 15:55:51,678 INFO c.z.h.p.HikariPool [main] HikariPool-1 - Added connection org.postgresql.jdbc.PgConnection@5192b301
2024-08-15 15:55:51,679 INFO c.z.h.HikariDataSource [main] HikariPool-1 - Start completed.
2024-08-15 15:55:52,679 INFO o.h.e.t.j.p.i.JtaPlatformInitiator [main] HHH000489: No JTA platform available (set 'hibernate.transaction.jta.platform' to enable JTA platform integration)
2024-08-15 15:55:52,743 INFO o.s.o.j.AbstractEntityManagerFactoryBean [main] Initialized JPA EntityManagerFactory for persistence unit 'default'
2024-08-15 15:55:53,215 INFO n.d.b.g.c.a.GrpcClientAutoConfiguration [main] Detected grpc-netty-shaded: Creating ShadedNettyChannelFactory + InProcessChannelFactory
2024-08-15 15:55:53,619 WARN o.s.b.a.o.j.JpaBaseConfiguration$JpaWebConfiguration [main] spring.jpa.open-in-view is enabled by default. Therefore, database queries may be performed during view rendering. Explicitly configure spring.jpa.open-in-view to disable this warning
2024-08-15 15:55:53,683 INFO o.s.s.c.a.a.c.InitializeUserDetailsBeanManagerConfigurer$InitializeUserDetailsManagerConfigurer [main] Global AuthenticationManager configured with UserDetailsService bean with name inMemoryUserDetailsManager
2024-08-15 15:55:54,247 INFO o.s.b.a.e.w.EndpointLinksResolver [main] Exposing 18 endpoints beneath base path '/actuator'
2024-08-15 15:55:54,478 INFO o.s.c.n.e.c.DiscoveryClientOptionalArgsConfiguration [main] Eureka HTTP Client uses RestTemplate.
2024-08-15 15:55:54,515 INFO n.d.b.g.s.a.GrpcServerFactoryAutoConfiguration [main] Detected grpc-netty-shaded: Creating ShadedNettyGrpcServerFactory
2024-08-15 15:55:54,912 WARN o.s.c.l.c.LoadBalancerCacheAutoConfiguration$LoadBalancerCaffeineWarnLogger [main] Spring Cloud LoadBalancer is currently working with the default cache. While this cache implementation is useful for development and tests, it's recommended to use Caffeine cache in production.You can switch to using Caffeine cache, by adding it and org.springframework.cache.caffeine.CaffeineCacheManager to the classpath.
2024-08-15 15:55:54,966 INFO o.s.c.n.e.InstanceInfoFactory [main] Setting initial instance status as: STARTING
2024-08-15 15:55:54,992 INFO c.n.d.DiscoveryClient [main] Initializing Eureka in region us-east-1
2024-08-15 15:55:54,996 INFO c.n.d.s.r.a.ConfigClusterResolver [main] Resolving eureka endpoints via configuration
2024-08-15 15:55:55,005 INFO c.n.d.DiscoveryClient [main] Disable delta property : false
2024-08-15 15:55:55,005 INFO c.n.d.DiscoveryClient [main] Single vip registry refresh property : null
2024-08-15 15:55:55,006 INFO c.n.d.DiscoveryClient [main] Force full registry fetch : false
2024-08-15 15:55:55,006 INFO c.n.d.DiscoveryClient [main] Application is null : false
2024-08-15 15:55:55,006 INFO c.n.d.DiscoveryClient [main] Registered Applications size is zero : true
2024-08-15 15:55:55,006 INFO c.n.d.DiscoveryClient [main] Application version is -1: true
2024-08-15 15:55:55,006 INFO c.n.d.DiscoveryClient [main] Getting all instance registry info from the eureka server
2024-08-15 15:55:55,407 INFO c.n.d.DiscoveryClient [main] The response status is 200
2024-08-15 15:55:55,410 INFO c.n.d.DiscoveryClient [main] Starting heartbeat executor: renew interval is: 30
2024-08-15 15:55:55,412 INFO c.n.d.InstanceInfoReplicator [main] InstanceInfoReplicator onDemand update allowed rate per min is 4
2024-08-15 15:55:55,414 INFO c.n.d.DiscoveryClient [main] Discovery Client initialized at timestamp 1723726555413 with initial instances count: 1
2024-08-15 15:55:55,419 INFO o.s.c.n.e.s.EurekaServiceRegistry [main] Registering application QUESTION-SERVICE with eureka with status UP
2024-08-15 15:55:55,420 INFO c.n.d.DiscoveryClient$6 [main] Saw local status change event StatusChangeEvent [timestamp=1723726555420, current=UP, previous=STARTING]
2024-08-15 15:55:55,422 INFO o.a.j.l.DirectJDKLog [main] Starting ProtocolHandler ["http-nio-5003"]
2024-08-15 15:55:55,422 INFO c.n.d.DiscoveryClient [DiscoveryClient-InstanceInfoReplicator-%d] DiscoveryClient_QUESTION-SERVICE/question-service:b102cfdc3ae933408925522c4642afcc: registering service...
2024-08-15 15:55:55,444 INFO o.s.b.w.e.t.TomcatWebServer [main] Tomcat started on port 5003 (http) with context path '/'
2024-08-15 15:55:55,446 INFO o.s.c.n.e.s.EurekaAutoServiceRegistration [main] Updating port to 5003
2024-08-15 15:55:55,453 INFO n.d.b.g.s.s.AbstractGrpcServerFactory [main] Registered gRPC service: tr.com.atmosware.gyt.grpc.QuestionService, bean: questionGrpcService, class: com.atmosware.belatrix.questionService.grpc.server.QuestionGrpcService
2024-08-15 15:55:55,454 INFO n.d.b.g.s.s.AbstractGrpcServerFactory [main] Registered gRPC service: grpc.health.v1.Health, bean: grpcHealthService, class: io.grpc.protobuf.services.HealthServiceImpl
2024-08-15 15:55:55,454 INFO n.d.b.g.s.s.AbstractGrpcServerFactory [main] Registered gRPC service: grpc.reflection.v1alpha.ServerReflection, bean: protoReflectionService, class: io.grpc.protobuf.services.ProtoReflectionService
2024-08-15 15:55:55,474 INFO c.n.d.DiscoveryClient [DiscoveryClient-InstanceInfoReplicator-%d] DiscoveryClient_QUESTION-SERVICE/question-service:b102cfdc3ae933408925522c4642afcc - registration status: 204
2024-08-15 15:55:55,535 INFO n.d.b.g.s.s.GrpcServerLifecycle [main] gRPC Server started, listening on address: *, port: 7676
2024-08-15 15:55:55,553 INFO o.s.b.StartupInfoLogger [main] Started QuestionServiceApplication in 8.218 seconds (process running for 8.872)
2024-08-15 15:55:58,644 INFO o.a.j.l.DirectJDKLog [http-nio-5003-exec-4] Initializing Spring DispatcherServlet 'dispatcherServlet'
2024-08-15 15:55:58,644 INFO o.s.w.s.FrameworkServlet [http-nio-5003-exec-4] Initializing Servlet 'dispatcherServlet'
2024-08-15 15:55:58,646 INFO o.s.w.s.FrameworkServlet [http-nio-5003-exec-4] Completed initialization in 2 ms
2024-08-15 15:57:26,028 INFO o.s.c.n.e.s.EurekaServiceRegistry [SpringApplicationShutdownHook] Unregistering application QUESTION-SERVICE with eureka with status DOWN
2024-08-15 15:57:26,028 INFO c.n.d.DiscoveryClient$6 [SpringApplicationShutdownHook] Saw local status change event StatusChangeEvent [timestamp=1723726646028, current=DOWN, previous=UP]
2024-08-15 15:57:26,029 INFO c.n.d.DiscoveryClient [DiscoveryClient-InstanceInfoReplicator-%d] DiscoveryClient_QUESTION-SERVICE/question-service:b102cfdc3ae933408925522c4642afcc: registering service...
2024-08-15 15:57:26,033 INFO c.n.d.DiscoveryClient [DiscoveryClient-InstanceInfoReplicator-%d] DiscoveryClient_QUESTION-SERVICE/question-service:b102cfdc3ae933408925522c4642afcc - registration status: 204
2024-08-15 15:57:26,036 INFO n.d.b.g.s.s.GrpcServerLifecycle [SpringApplicationShutdownHook] Completed gRPC server shutdown
2024-08-15 15:57:26,053 INFO o.s.o.j.AbstractEntityManagerFactoryBean [SpringApplicationShutdownHook] Closing JPA EntityManagerFactory for persistence unit 'default'
2024-08-15 15:57:26,055 INFO c.z.h.HikariDataSource [SpringApplicationShutdownHook] HikariPool-1 - Shutdown initiated...
2024-08-15 15:57:26,064 INFO c.z.h.HikariDataSource [SpringApplicationShutdownHook] HikariPool-1 - Shutdown completed.
2024-08-15 15:57:26,065 INFO c.n.d.DiscoveryClient [SpringApplicationShutdownHook] Shutting down DiscoveryClient ...
2024-08-15 15:57:29,066 INFO c.n.d.DiscoveryClient [SpringApplicationShutdownHook] Unregistering ...
2024-08-15 15:57:29,084 INFO c.n.d.DiscoveryClient [SpringApplicationShutdownHook] DiscoveryClient_QUESTION-SERVICE/question-service:b102cfdc3ae933408925522c4642afcc - deregister  status: 200
2024-08-15 15:57:29,084 INFO c.n.d.DiscoveryClient [SpringApplicationShutdownHook] Completed shut down of DiscoveryClient
2024-08-15 15:57:30,874 INFO o.h.v.i.u.Version [background-preinit] HV000001: Hibernate Validator 8.0.1.Final
2024-08-15 15:57:30,926 INFO o.s.b.StartupInfoLogger [main] Starting QuestionServiceApplication using Java 21.0.2 with PID 9340 (C:\Atmosware-staj\questionService\target\classes started by Mert in C:\Atmosware-staj)
2024-08-15 15:57:30,927 INFO o.s.b.SpringApplication [main] No active profile set, falling back to 1 default profile: "default"
2024-08-15 15:57:32,391 INFO o.s.d.r.c.RepositoryConfigurationDelegate [main] Bootstrapping Spring Data JPA repositories in DEFAULT mode.
2024-08-15 15:57:32,547 INFO o.s.d.r.c.RepositoryConfigurationDelegate [main] Finished Spring Data repository scanning in 148 ms. Found 2 JPA repository interfaces.
2024-08-15 15:57:32,710 INFO o.s.c.c.s.GenericScope [main] BeanFactory id=b14cec3a-e8c7-3fbc-b09a-4489fcf9a70e
2024-08-15 15:57:33,083 WARN o.s.c.s.PostProcessorRegistrationDelegate$BeanPostProcessorChecker [main] Bean 'org.springframework.cloud.client.loadbalancer.LoadBalancerAutoConfiguration$DeferringLoadBalancerInterceptorConfig' of type [org.springframework.cloud.client.loadbalancer.LoadBalancerAutoConfiguration$DeferringLoadBalancerInterceptorConfig] is not eligible for getting processed by all BeanPostProcessors (for example: not eligible for auto-proxying). The currently created BeanPostProcessor [lbRestClientPostProcessor] is declared through a non-static factory method on that class; consider declaring it as static instead.
2024-08-15 15:57:33,087 WARN o.s.c.s.PostProcessorRegistrationDelegate$BeanPostProcessorChecker [main] Bean 'deferringLoadBalancerInterceptor' of type [org.springframework.cloud.client.loadbalancer.DeferringLoadBalancerInterceptor] is not eligible for getting processed by all BeanPostProcessors (for example: not eligible for auto-proxying). Is this bean getting eagerly injected into a currently created BeanPostProcessor [lbRestClientPostProcessor]? Check the corresponding BeanPostProcessor declaration and its dependencies.
2024-08-15 15:57:33,391 INFO o.s.b.w.e.t.TomcatWebServer [main] Tomcat initialized with port 5003 (http)
2024-08-15 15:57:33,401 INFO o.a.j.l.DirectJDKLog [main] Initializing ProtocolHandler ["http-nio-5003"]
2024-08-15 15:57:33,404 INFO o.a.j.l.DirectJDKLog [main] Starting service [Tomcat]
2024-08-15 15:57:33,404 INFO o.a.j.l.DirectJDKLog [main] Starting Servlet engine: [Apache Tomcat/10.1.26]
2024-08-15 15:57:33,486 INFO o.a.j.l.DirectJDKLog [main] Initializing Spring embedded WebApplicationContext
2024-08-15 15:57:33,487 INFO o.s.b.w.s.c.ServletWebServerApplicationContext [main] Root WebApplicationContext: initialization completed in 2512 ms
2024-08-15 15:57:33,686 WARN o.s.b.a.s.s.UserDetailsServiceAutoConfiguration [main] 

Using generated security password: 40cd1f81-7adf-400b-bff7-852a5c560ac3

This generated password is for development use only. Your security configuration must be updated before running your application in production.

2024-08-15 15:57:33,937 INFO o.h.j.i.u.LogHelper [main] HHH000204: Processing PersistenceUnitInfo [name: default]
2024-08-15 15:57:33,998 INFO o.h.Version [main] HHH000412: Hibernate ORM core version 6.5.2.Final
2024-08-15 15:57:34,036 INFO o.h.c.i.RegionFactoryInitiator [main] HHH000026: Second-level cache disabled
2024-08-15 15:57:34,341 INFO o.s.o.j.p.SpringPersistenceUnitInfo [main] No LoadTimeWeaver setup: ignoring JPA class transformer
2024-08-15 15:57:34,366 INFO c.z.h.HikariDataSource [main] HikariPool-1 - Starting...
2024-08-15 15:57:34,538 INFO c.z.h.p.HikariPool [main] HikariPool-1 - Added connection org.postgresql.jdbc.PgConnection@29ce33e9
2024-08-15 15:57:34,541 INFO c.z.h.HikariDataSource [main] HikariPool-1 - Start completed.
2024-08-15 15:57:35,516 INFO o.h.e.t.j.p.i.JtaPlatformInitiator [main] HHH000489: No JTA platform available (set 'hibernate.transaction.jta.platform' to enable JTA platform integration)
2024-08-15 15:57:35,581 INFO o.s.o.j.AbstractEntityManagerFactoryBean [main] Initialized JPA EntityManagerFactory for persistence unit 'default'
2024-08-15 15:57:36,027 INFO n.d.b.g.c.a.GrpcClientAutoConfiguration [main] Detected grpc-netty-shaded: Creating ShadedNettyChannelFactory + InProcessChannelFactory
2024-08-15 15:57:36,390 WARN o.s.b.a.o.j.JpaBaseConfiguration$JpaWebConfiguration [main] spring.jpa.open-in-view is enabled by default. Therefore, database queries may be performed during view rendering. Explicitly configure spring.jpa.open-in-view to disable this warning
2024-08-15 15:57:36,453 INFO o.s.s.c.a.a.c.InitializeUserDetailsBeanManagerConfigurer$InitializeUserDetailsManagerConfigurer [main] Global AuthenticationManager configured with UserDetailsService bean with name inMemoryUserDetailsManager
2024-08-15 15:57:36,926 INFO o.s.b.a.e.w.EndpointLinksResolver [main] Exposing 18 endpoints beneath base path '/actuator'
2024-08-15 15:57:37,152 INFO o.s.c.n.e.c.DiscoveryClientOptionalArgsConfiguration [main] Eureka HTTP Client uses RestTemplate.
2024-08-15 15:57:37,190 INFO n.d.b.g.s.a.GrpcServerFactoryAutoConfiguration [main] Detected grpc-netty-shaded: Creating ShadedNettyGrpcServerFactory
2024-08-15 15:57:37,577 WARN o.s.c.l.c.LoadBalancerCacheAutoConfiguration$LoadBalancerCaffeineWarnLogger [main] Spring Cloud LoadBalancer is currently working with the default cache. While this cache implementation is useful for development and tests, it's recommended to use Caffeine cache in production.You can switch to using Caffeine cache, by adding it and org.springframework.cache.caffeine.CaffeineCacheManager to the classpath.
2024-08-15 15:57:37,629 INFO o.s.c.n.e.InstanceInfoFactory [main] Setting initial instance status as: STARTING
2024-08-15 15:57:37,652 INFO c.n.d.DiscoveryClient [main] Initializing Eureka in region us-east-1
2024-08-15 15:57:37,657 INFO c.n.d.s.r.a.ConfigClusterResolver [main] Resolving eureka endpoints via configuration
2024-08-15 15:57:37,666 INFO c.n.d.DiscoveryClient [main] Disable delta property : false
2024-08-15 15:57:37,666 INFO c.n.d.DiscoveryClient [main] Single vip registry refresh property : null
2024-08-15 15:57:37,666 INFO c.n.d.DiscoveryClient [main] Force full registry fetch : false
2024-08-15 15:57:37,666 INFO c.n.d.DiscoveryClient [main] Application is null : false
2024-08-15 15:57:37,666 INFO c.n.d.DiscoveryClient [main] Registered Applications size is zero : true
2024-08-15 15:57:37,666 INFO c.n.d.DiscoveryClient [main] Application version is -1: true
2024-08-15 15:57:37,666 INFO c.n.d.DiscoveryClient [main] Getting all instance registry info from the eureka server
2024-08-15 15:57:38,083 INFO c.n.d.DiscoveryClient [main] The response status is 200
2024-08-15 15:57:38,085 INFO c.n.d.DiscoveryClient [main] Starting heartbeat executor: renew interval is: 30
2024-08-15 15:57:38,088 INFO c.n.d.InstanceInfoReplicator [main] InstanceInfoReplicator onDemand update allowed rate per min is 4
2024-08-15 15:57:38,090 INFO c.n.d.DiscoveryClient [main] Discovery Client initialized at timestamp 1723726658090 with initial instances count: 3
2024-08-15 15:57:38,096 INFO o.s.c.n.e.s.EurekaServiceRegistry [main] Registering application QUESTION-SERVICE with eureka with status UP
2024-08-15 15:57:38,096 INFO c.n.d.DiscoveryClient$6 [main] Saw local status change event StatusChangeEvent [timestamp=1723726658096, current=UP, previous=STARTING]
2024-08-15 15:57:38,097 INFO o.a.j.l.DirectJDKLog [main] Starting ProtocolHandler ["http-nio-5003"]
2024-08-15 15:57:38,098 INFO c.n.d.DiscoveryClient [DiscoveryClient-InstanceInfoReplicator-%d] DiscoveryClient_QUESTION-SERVICE/question-service:2f2c50a13d5d099e0e59d0c18c4bd3fe: registering service...
2024-08-15 15:57:38,120 INFO o.s.b.w.e.t.TomcatWebServer [main] Tomcat started on port 5003 (http) with context path '/'
2024-08-15 15:57:38,121 INFO o.s.c.n.e.s.EurekaAutoServiceRegistration [main] Updating port to 5003
2024-08-15 15:57:38,133 INFO n.d.b.g.s.s.AbstractGrpcServerFactory [main] Registered gRPC service: tr.com.atmosware.gyt.grpc.QuestionService, bean: questionGrpcService, class: com.atmosware.belatrix.questionService.grpc.server.QuestionGrpcService
2024-08-15 15:57:38,133 INFO n.d.b.g.s.s.AbstractGrpcServerFactory [main] Registered gRPC service: grpc.health.v1.Health, bean: grpcHealthService, class: io.grpc.protobuf.services.HealthServiceImpl
2024-08-15 15:57:38,134 INFO n.d.b.g.s.s.AbstractGrpcServerFactory [main] Registered gRPC service: grpc.reflection.v1alpha.ServerReflection, bean: protoReflectionService, class: io.grpc.protobuf.services.ProtoReflectionService
2024-08-15 15:57:38,156 INFO c.n.d.DiscoveryClient [DiscoveryClient-InstanceInfoReplicator-%d] DiscoveryClient_QUESTION-SERVICE/question-service:2f2c50a13d5d099e0e59d0c18c4bd3fe - registration status: 204
2024-08-15 15:57:38,231 INFO n.d.b.g.s.s.GrpcServerLifecycle [main] gRPC Server started, listening on address: *, port: 7676
2024-08-15 15:57:38,250 INFO o.s.b.StartupInfoLogger [main] Started QuestionServiceApplication in 7.802 seconds (process running for 8.51)
2024-08-15 15:57:38,637 INFO o.a.j.l.DirectJDKLog [http-nio-5003-exec-2] Initializing Spring DispatcherServlet 'dispatcherServlet'
2024-08-15 15:57:38,637 INFO o.s.w.s.FrameworkServlet [http-nio-5003-exec-2] Initializing Servlet 'dispatcherServlet'
2024-08-15 15:57:38,638 INFO o.s.w.s.FrameworkServlet [http-nio-5003-exec-2] Completed initialization in 1 ms
2024-08-15 16:01:28,174 INFO o.s.a.AbstractOpenApiResource [http-nio-5003-exec-4] Init duration for springdoc-openapi is: 473 ms
2024-08-15 16:02:37,674 INFO c.n.d.s.r.a.ConfigClusterResolver [AsyncResolver-bootstrap-executor-%d] Resolving eureka endpoints via configuration
2024-08-15 16:03:28,526 INFO c.a.b.q.b.c.QuestionServiceImpl [http-nio-5003-exec-4] Update question method started.
2024-08-15 16:03:56,999 INFO c.a.b.q.b.c.QuestionServiceImpl [http-nio-5003-exec-8] Update question method started.
2024-08-15 16:04:11,720 INFO o.s.c.n.e.s.EurekaServiceRegistry [SpringApplicationShutdownHook] Unregistering application QUESTION-SERVICE with eureka with status DOWN
2024-08-15 16:04:11,720 INFO c.n.d.DiscoveryClient$6 [SpringApplicationShutdownHook] Saw local status change event StatusChangeEvent [timestamp=1723727051720, current=DOWN, previous=UP]
2024-08-15 16:04:11,720 INFO c.n.d.DiscoveryClient [DiscoveryClient-InstanceInfoReplicator-%d] DiscoveryClient_QUESTION-SERVICE/question-service:2f2c50a13d5d099e0e59d0c18c4bd3fe: registering service...
2024-08-15 16:04:11,732 INFO c.n.d.DiscoveryClient [DiscoveryClient-InstanceInfoReplicator-%d] DiscoveryClient_QUESTION-SERVICE/question-service:2f2c50a13d5d099e0e59d0c18c4bd3fe - registration status: 204
2024-08-15 16:04:11,733 INFO n.d.b.g.s.s.GrpcServerLifecycle [SpringApplicationShutdownHook] Completed gRPC server shutdown
2024-08-15 16:04:11,758 INFO o.s.o.j.AbstractEntityManagerFactoryBean [SpringApplicationShutdownHook] Closing JPA EntityManagerFactory for persistence unit 'default'
2024-08-15 16:04:11,761 INFO c.z.h.HikariDataSource [SpringApplicationShutdownHook] HikariPool-1 - Shutdown initiated...
2024-08-15 16:04:11,796 INFO c.z.h.HikariDataSource [SpringApplicationShutdownHook] HikariPool-1 - Shutdown completed.
2024-08-15 16:04:11,797 INFO c.n.d.DiscoveryClient [SpringApplicationShutdownHook] Shutting down DiscoveryClient ...
2024-08-15 16:04:14,806 INFO c.n.d.DiscoveryClient [SpringApplicationShutdownHook] Unregistering ...
2024-08-15 16:04:14,813 INFO c.n.d.s.t.d.RedirectingEurekaHttpClient [SpringApplicationShutdownHook] Request execution error. endpoint=DefaultEndpoint{ serviceUrl='http://localhost:5000/eureka/} exception=I/O error on DELETE request for "http://localhost:5000/eureka/apps/QUESTION-SERVICE/question-service:2f2c50a13d5d099e0e59d0c18c4bd3fe": Connect to http://localhost:5000 [localhost/127.0.0.1, localhost/0:0:0:0:0:0:0:1] failed: Connection refused: getsockopt stacktrace=org.springframework.web.client.ResourceAccessException: I/O error on DELETE request for "http://localhost:5000/eureka/apps/QUESTION-SERVICE/question-service:2f2c50a13d5d099e0e59d0c18c4bd3fe": Connect to http://localhost:5000 [localhost/127.0.0.1, localhost/0:0:0:0:0:0:0:1] failed: Connection refused: getsockopt
	at org.springframework.web.client.RestTemplate.createResourceAccessException(RestTemplate.java:915)
	at org.springframework.web.client.RestTemplate.doExecute(RestTemplate.java:895)
	at org.springframework.web.client.RestTemplate.execute(RestTemplate.java:790)
	at org.springframework.web.client.RestTemplate.exchange(RestTemplate.java:672)
	at org.springframework.cloud.netflix.eureka.http.RestTemplateEurekaHttpClient.cancel(RestTemplateEurekaHttpClient.java:87)
	at com.netflix.discovery.shared.transport.decorator.EurekaHttpClientDecorator$2.execute(EurekaHttpClientDecorator.java:74)
	at com.netflix.discovery.shared.transport.decorator.RedirectingEurekaHttpClient.execute(RedirectingEurekaHttpClient.java:91)
	at com.netflix.discovery.shared.transport.decorator.EurekaHttpClientDecorator.cancel(EurekaHttpClientDecorator.java:71)
	at com.netflix.discovery.shared.transport.decorator.EurekaHttpClientDecorator$2.execute(EurekaHttpClientDecorator.java:74)
	at com.netflix.discovery.shared.transport.decorator.RetryableEurekaHttpClient.execute(RetryableEurekaHttpClient.java:120)
	at com.netflix.discovery.shared.transport.decorator.EurekaHttpClientDecorator.cancel(EurekaHttpClientDecorator.java:71)
	at com.netflix.discovery.shared.transport.decorator.EurekaHttpClientDecorator$2.execute(EurekaHttpClientDecorator.java:74)
	at com.netflix.discovery.shared.transport.decorator.SessionedEurekaHttpClient.execute(SessionedEurekaHttpClient.java:76)
	at com.netflix.discovery.shared.transport.decorator.EurekaHttpClientDecorator.cancel(EurekaHttpClientDecorator.java:71)
	at com.netflix.discovery.DiscoveryClient.unregister(DiscoveryClient.java:919)
	at com.netflix.discovery.DiscoveryClient.shutdown(DiscoveryClient.java:900)
	at java.base/jdk.internal.reflect.DirectMethodHandleAccessor.invoke(DirectMethodHandleAccessor.java:103)
	at java.base/java.lang.reflect.Method.invoke(Method.java:580)
	at org.springframework.beans.factory.annotation.InitDestroyAnnotationBeanPostProcessor$LifecycleMethod.invoke(InitDestroyAnnotationBeanPostProcessor.java:457)
	at org.springframework.beans.factory.annotation.InitDestroyAnnotationBeanPostProcessor$LifecycleMetadata.invokeDestroyMethods(InitDestroyAnnotationBeanPostProcessor.java:415)
	at org.springframework.beans.factory.annotation.InitDestroyAnnotationBeanPostProcessor.postProcessBeforeDestruction(InitDestroyAnnotationBeanPostProcessor.java:239)
	at org.springframework.beans.factory.support.DisposableBeanAdapter.destroy(DisposableBeanAdapter.java:202)
	at org.springframework.beans.factory.support.DisposableBeanAdapter.run(DisposableBeanAdapter.java:195)
	at org.springframework.cloud.context.scope.GenericScope$BeanLifecycleWrapper.destroy(GenericScope.java:389)
	at org.springframework.cloud.context.scope.GenericScope.destroy(GenericScope.java:136)
	at org.springframework.beans.factory.support.DisposableBeanAdapter.destroy(DisposableBeanAdapter.java:211)
	at org.springframework.beans.factory.support.DefaultSingletonBeanRegistry.destroyBean(DefaultSingletonBeanRegistry.java:587)
	at org.springframework.beans.factory.support.DefaultSingletonBeanRegistry.destroySingleton(DefaultSingletonBeanRegistry.java:559)
	at org.springframework.beans.factory.support.DefaultListableBeanFactory.destroySingleton(DefaultListableBeanFactory.java:1202)
	at org.springframework.beans.factory.support.DefaultSingletonBeanRegistry.destroySingletons(DefaultSingletonBeanRegistry.java:520)
	at org.springframework.beans.factory.support.DefaultListableBeanFactory.destroySingletons(DefaultListableBeanFactory.java:1195)
	at org.springframework.context.support.AbstractApplicationContext.destroyBeans(AbstractApplicationContext.java:1195)
	at org.springframework.context.support.AbstractApplicationContext.doClose(AbstractApplicationContext.java:1156)
	at org.springframework.boot.web.servlet.context.ServletWebServerApplicationContext.doClose(ServletWebServerApplicationContext.java:174)
	at org.springframework.context.support.AbstractApplicationContext.close(AbstractApplicationContext.java:1102)
	at org.springframework.boot.SpringApplicationShutdownHook.closeAndWait(SpringApplicationShutdownHook.java:145)
	at java.base/java.lang.Iterable.forEach(Iterable.java:75)
	at org.springframework.boot.SpringApplicationShutdownHook.run(SpringApplicationShutdownHook.java:114)
	at java.base/java.lang.Thread.run(Thread.java:1583)
Caused by: org.apache.hc.client5.http.HttpHostConnectException: Connect to http://localhost:5000 [localhost/127.0.0.1, localhost/0:0:0:0:0:0:0:1] failed: Connection refused: getsockopt
	at java.base/sun.nio.ch.Net.pollConnect(Native Method)
	at java.base/sun.nio.ch.Net.pollConnectNow(Net.java:682)
	at java.base/sun.nio.ch.NioSocketImpl.timedFinishConnect(NioSocketImpl.java:542)
	at java.base/sun.nio.ch.NioSocketImpl.connect(NioSocketImpl.java:592)
	at java.base/java.net.SocksSocketImpl.connect(SocksSocketImpl.java:327)
	at java.base/java.net.Socket.connect(Socket.java:751)
	at org.apache.hc.client5.http.socket.PlainConnectionSocketFactory.lambda$connectSocket$0(PlainConnectionSocketFactory.java:91)
	at java.base/java.security.AccessController.doPrivileged(AccessController.java:571)
	at org.apache.hc.client5.http.socket.PlainConnectionSocketFactory.connectSocket(PlainConnectionSocketFactory.java:90)
	at org.apache.hc.client5.http.socket.ConnectionSocketFactory.connectSocket(ConnectionSocketFactory.java:123)
	at org.apache.hc.client5.http.impl.io.DefaultHttpClientConnectionOperator.connect(DefaultHttpClientConnectionOperator.java:189)
	at org.apache.hc.client5.http.impl.io.PoolingHttpClientConnectionManager.connect(PoolingHttpClientConnectionManager.java:450)
	at org.apache.hc.client5.http.impl.classic.InternalExecRuntime.connectEndpoint(InternalExecRuntime.java:162)
	at org.apache.hc.client5.http.impl.classic.InternalExecRuntime.connectEndpoint(InternalExecRuntime.java:172)
	at org.apache.hc.client5.http.impl.classic.ConnectExec.execute(ConnectExec.java:142)
	at org.apache.hc.client5.http.impl.classic.ExecChainElement.execute(ExecChainElement.java:51)
	at org.apache.hc.client5.http.impl.classic.ProtocolExec.execute(ProtocolExec.java:192)
	at org.apache.hc.client5.http.impl.classic.ExecChainElement.execute(ExecChainElement.java:51)
	at org.apache.hc.client5.http.impl.classic.HttpRequestRetryExec.execute(HttpRequestRetryExec.java:113)
	at org.apache.hc.client5.http.impl.classic.ExecChainElement.execute(ExecChainElement.java:51)
	at org.apache.hc.client5.http.impl.classic.ContentCompressionExec.execute(ContentCompressionExec.java:152)
	at org.apache.hc.client5.http.impl.classic.ExecChainElement.execute(ExecChainElement.java:51)
	at org.apache.hc.client5.http.impl.classic.RedirectExec.execute(RedirectExec.java:116)
	at org.apache.hc.client5.http.impl.classic.ExecChainElement.execute(ExecChainElement.java:51)
	at org.apache.hc.client5.http.impl.classic.InternalHttpClient.doExecute(InternalHttpClient.java:170)
	at org.apache.hc.client5.http.impl.classic.CloseableHttpClient.execute(CloseableHttpClient.java:87)
	at org.apache.hc.client5.http.impl.classic.CloseableHttpClient.execute(CloseableHttpClient.java:55)
	at org.apache.hc.client5.http.classic.HttpClient.executeOpen(HttpClient.java:183)
	at org.springframework.http.client.HttpComponentsClientHttpRequest.executeInternal(HttpComponentsClientHttpRequest.java:99)
	at org.springframework.http.client.AbstractStreamingClientHttpRequest.executeInternal(AbstractStreamingClientHttpRequest.java:70)
	at org.springframework.http.client.AbstractClientHttpRequest.execute(AbstractClientHttpRequest.java:66)
	at org.springframework.http.client.InterceptingClientHttpRequest$InterceptingRequestExecution.execute(InterceptingClientHttpRequest.java:112)
	at org.springframework.cloud.netflix.eureka.http.RestTemplateTransportClientFactory.lambda$restTemplate$3(RestTemplateTransportClientFactory.java:170)
	at org.springframework.http.client.InterceptingClientHttpRequest$InterceptingRequestExecution.execute(InterceptingClientHttpRequest.java:88)
	at org.springframework.http.client.InterceptingClientHttpRequest.executeInternal(InterceptingClientHttpRequest.java:72)
	at org.springframework.http.client.AbstractBufferingClientHttpRequest.executeInternal(AbstractBufferingClientHttpRequest.java:48)
	at org.springframework.http.client.AbstractClientHttpRequest.execute(AbstractClientHttpRequest.java:66)
	at org.springframework.web.client.RestTemplate.doExecute(RestTemplate.java:889)
	... 37 more

2024-08-15 16:04:14,814 WARN c.n.d.s.t.d.RetryableEurekaHttpClient [SpringApplicationShutdownHook] Request execution failed with message: I/O error on DELETE request for "http://localhost:5000/eureka/apps/QUESTION-SERVICE/question-service:2f2c50a13d5d099e0e59d0c18c4bd3fe": Connect to http://localhost:5000 [localhost/127.0.0.1, localhost/0:0:0:0:0:0:0:1] failed: Connection refused: getsockopt
2024-08-15 16:04:14,820 INFO c.n.d.s.t.d.RedirectingEurekaHttpClient [SpringApplicationShutdownHook] Request execution error. endpoint=DefaultEndpoint{ serviceUrl='http://localhost:5000/eureka/}, exception=I/O error on DELETE request for "http://localhost:5000/eureka/apps/QUESTION-SERVICE/question-service:2f2c50a13d5d099e0e59d0c18c4bd3fe": Connect to http://localhost:5000 [localhost/127.0.0.1, localhost/0:0:0:0:0:0:0:1] failed: Connection refused: getsockopt stacktrace=org.springframework.web.client.ResourceAccessException: I/O error on DELETE request for "http://localhost:5000/eureka/apps/QUESTION-SERVICE/question-service:2f2c50a13d5d099e0e59d0c18c4bd3fe": Connect to http://localhost:5000 [localhost/127.0.0.1, localhost/0:0:0:0:0:0:0:1] failed: Connection refused: getsockopt
	at org.springframework.web.client.RestTemplate.createResourceAccessException(RestTemplate.java:915)
	at org.springframework.web.client.RestTemplate.doExecute(RestTemplate.java:895)
	at org.springframework.web.client.RestTemplate.execute(RestTemplate.java:790)
	at org.springframework.web.client.RestTemplate.exchange(RestTemplate.java:672)
	at org.springframework.cloud.netflix.eureka.http.RestTemplateEurekaHttpClient.cancel(RestTemplateEurekaHttpClient.java:87)
	at com.netflix.discovery.shared.transport.decorator.EurekaHttpClientDecorator$2.execute(EurekaHttpClientDecorator.java:74)
	at com.netflix.discovery.shared.transport.decorator.RedirectingEurekaHttpClient.executeOnNewServer(RedirectingEurekaHttpClient.java:121)
	at com.netflix.discovery.shared.transport.decorator.RedirectingEurekaHttpClient.execute(RedirectingEurekaHttpClient.java:80)
	at com.netflix.discovery.shared.transport.decorator.EurekaHttpClientDecorator.cancel(EurekaHttpClientDecorator.java:71)
	at com.netflix.discovery.shared.transport.decorator.EurekaHttpClientDecorator$2.execute(EurekaHttpClientDecorator.java:74)
	at com.netflix.discovery.shared.transport.decorator.RetryableEurekaHttpClient.execute(RetryableEurekaHttpClient.java:120)
	at com.netflix.discovery.shared.transport.decorator.EurekaHttpClientDecorator.cancel(EurekaHttpClientDecorator.java:71)
	at com.netflix.discovery.shared.transport.decorator.EurekaHttpClientDecorator$2.execute(EurekaHttpClientDecorator.java:74)
	at com.netflix.discovery.shared.transport.decorator.SessionedEurekaHttpClient.execute(SessionedEurekaHttpClient.java:76)
	at com.netflix.discovery.shared.transport.decorator.EurekaHttpClientDecorator.cancel(EurekaHttpClientDecorator.java:71)
	at com.netflix.discovery.DiscoveryClient.unregister(DiscoveryClient.java:919)
	at com.netflix.discovery.DiscoveryClient.shutdown(DiscoveryClient.java:900)
	at java.base/jdk.internal.reflect.DirectMethodHandleAccessor.invoke(DirectMethodHandleAccessor.java:103)
	at java.base/java.lang.reflect.Method.invoke(Method.java:580)
	at org.springframework.beans.factory.annotation.InitDestroyAnnotationBeanPostProcessor$LifecycleMethod.invoke(InitDestroyAnnotationBeanPostProcessor.java:457)
	at org.springframework.beans.factory.annotation.InitDestroyAnnotationBeanPostProcessor$LifecycleMetadata.invokeDestroyMethods(InitDestroyAnnotationBeanPostProcessor.java:415)
	at org.springframework.beans.factory.annotation.InitDestroyAnnotationBeanPostProcessor.postProcessBeforeDestruction(InitDestroyAnnotationBeanPostProcessor.java:239)
	at org.springframework.beans.factory.support.DisposableBeanAdapter.destroy(DisposableBeanAdapter.java:202)
	at org.springframework.beans.factory.support.DisposableBeanAdapter.run(DisposableBeanAdapter.java:195)
	at org.springframework.cloud.context.scope.GenericScope$BeanLifecycleWrapper.destroy(GenericScope.java:389)
	at org.springframework.cloud.context.scope.GenericScope.destroy(GenericScope.java:136)
	at org.springframework.beans.factory.support.DisposableBeanAdapter.destroy(DisposableBeanAdapter.java:211)
	at org.springframework.beans.factory.support.DefaultSingletonBeanRegistry.destroyBean(DefaultSingletonBeanRegistry.java:587)
	at org.springframework.beans.factory.support.DefaultSingletonBeanRegistry.destroySingleton(DefaultSingletonBeanRegistry.java:559)
	at org.springframework.beans.factory.support.DefaultListableBeanFactory.destroySingleton(DefaultListableBeanFactory.java:1202)
	at org.springframework.beans.factory.support.DefaultSingletonBeanRegistry.destroySingletons(DefaultSingletonBeanRegistry.java:520)
	at org.springframework.beans.factory.support.DefaultListableBeanFactory.destroySingletons(DefaultListableBeanFactory.java:1195)
	at org.springframework.context.support.AbstractApplicationContext.destroyBeans(AbstractApplicationContext.java:1195)
	at org.springframework.context.support.AbstractApplicationContext.doClose(AbstractApplicationContext.java:1156)
	at org.springframework.boot.web.servlet.context.ServletWebServerApplicationContext.doClose(ServletWebServerApplicationContext.java:174)
	at org.springframework.context.support.AbstractApplicationContext.close(AbstractApplicationContext.java:1102)
	at org.springframework.boot.SpringApplicationShutdownHook.closeAndWait(SpringApplicationShutdownHook.java:145)
	at java.base/java.lang.Iterable.forEach(Iterable.java:75)
	at org.springframework.boot.SpringApplicationShutdownHook.run(SpringApplicationShutdownHook.java:114)
	at java.base/java.lang.Thread.run(Thread.java:1583)
Caused by: org.apache.hc.client5.http.HttpHostConnectException: Connect to http://localhost:5000 [localhost/127.0.0.1, localhost/0:0:0:0:0:0:0:1] failed: Connection refused: getsockopt
	at java.base/sun.nio.ch.Net.pollConnect(Native Method)
	at java.base/sun.nio.ch.Net.pollConnectNow(Net.java:682)
	at java.base/sun.nio.ch.NioSocketImpl.timedFinishConnect(NioSocketImpl.java:542)
	at java.base/sun.nio.ch.NioSocketImpl.connect(NioSocketImpl.java:592)
	at java.base/java.net.SocksSocketImpl.connect(SocksSocketImpl.java:327)
	at java.base/java.net.Socket.connect(Socket.java:751)
	at org.apache.hc.client5.http.socket.PlainConnectionSocketFactory.lambda$connectSocket$0(PlainConnectionSocketFactory.java:91)
	at java.base/java.security.AccessController.doPrivileged(AccessController.java:571)
	at org.apache.hc.client5.http.socket.PlainConnectionSocketFactory.connectSocket(PlainConnectionSocketFactory.java:90)
	at org.apache.hc.client5.http.socket.ConnectionSocketFactory.connectSocket(ConnectionSocketFactory.java:123)
	at org.apache.hc.client5.http.impl.io.DefaultHttpClientConnectionOperator.connect(DefaultHttpClientConnectionOperator.java:189)
	at org.apache.hc.client5.http.impl.io.PoolingHttpClientConnectionManager.connect(PoolingHttpClientConnectionManager.java:450)
	at org.apache.hc.client5.http.impl.classic.InternalExecRuntime.connectEndpoint(InternalExecRuntime.java:162)
	at org.apache.hc.client5.http.impl.classic.InternalExecRuntime.connectEndpoint(InternalExecRuntime.java:172)
	at org.apache.hc.client5.http.impl.classic.ConnectExec.execute(ConnectExec.java:142)
	at org.apache.hc.client5.http.impl.classic.ExecChainElement.execute(ExecChainElement.java:51)
	at org.apache.hc.client5.http.impl.classic.ProtocolExec.execute(ProtocolExec.java:192)
	at org.apache.hc.client5.http.impl.classic.ExecChainElement.execute(ExecChainElement.java:51)
	at org.apache.hc.client5.http.impl.classic.HttpRequestRetryExec.execute(HttpRequestRetryExec.java:113)
	at org.apache.hc.client5.http.impl.classic.ExecChainElement.execute(ExecChainElement.java:51)
	at org.apache.hc.client5.http.impl.classic.ContentCompressionExec.execute(ContentCompressionExec.java:152)
	at org.apache.hc.client5.http.impl.classic.ExecChainElement.execute(ExecChainElement.java:51)
	at org.apache.hc.client5.http.impl.classic.RedirectExec.execute(RedirectExec.java:116)
	at org.apache.hc.client5.http.impl.classic.ExecChainElement.execute(ExecChainElement.java:51)
	at org.apache.hc.client5.http.impl.classic.InternalHttpClient.doExecute(InternalHttpClient.java:170)
	at org.apache.hc.client5.http.impl.classic.CloseableHttpClient.execute(CloseableHttpClient.java:87)
	at org.apache.hc.client5.http.impl.classic.CloseableHttpClient.execute(CloseableHttpClient.java:55)
	at org.apache.hc.client5.http.classic.HttpClient.executeOpen(HttpClient.java:183)
	at org.springframework.http.client.HttpComponentsClientHttpRequest.executeInternal(HttpComponentsClientHttpRequest.java:99)
	at org.springframework.http.client.AbstractStreamingClientHttpRequest.executeInternal(AbstractStreamingClientHttpRequest.java:70)
	at org.springframework.http.client.AbstractClientHttpRequest.execute(AbstractClientHttpRequest.java:66)
	at org.springframework.http.client.InterceptingClientHttpRequest$InterceptingRequestExecution.execute(InterceptingClientHttpRequest.java:112)
	at org.springframework.cloud.netflix.eureka.http.RestTemplateTransportClientFactory.lambda$restTemplate$3(RestTemplateTransportClientFactory.java:170)
	at org.springframework.http.client.InterceptingClientHttpRequest$InterceptingRequestExecution.execute(InterceptingClientHttpRequest.java:88)
	at org.springframework.http.client.InterceptingClientHttpRequest.executeInternal(InterceptingClientHttpRequest.java:72)
	at org.springframework.http.client.AbstractBufferingClientHttpRequest.executeInternal(AbstractBufferingClientHttpRequest.java:48)
	at org.springframework.http.client.AbstractClientHttpRequest.execute(AbstractClientHttpRequest.java:66)
	at org.springframework.web.client.RestTemplate.doExecute(RestTemplate.java:889)
	... 38 more

2024-08-15 16:04:14,820 WARN c.n.d.s.t.d.RetryableEurekaHttpClient [SpringApplicationShutdownHook] Request execution failed with message: I/O error on DELETE request for "http://localhost:5000/eureka/apps/QUESTION-SERVICE/question-service:2f2c50a13d5d099e0e59d0c18c4bd3fe": Connect to http://localhost:5000 [localhost/127.0.0.1, localhost/0:0:0:0:0:0:0:1] failed: Connection refused: getsockopt
2024-08-15 16:04:14,820 ERROR c.n.d.DiscoveryClient [SpringApplicationShutdownHook] DiscoveryClient_QUESTION-SERVICE/question-service:2f2c50a13d5d099e0e59d0c18c4bd3fe - de-registration failedCannot execute request on any known server
com.netflix.discovery.shared.transport.TransportException: Cannot execute request on any known server
	at com.netflix.discovery.shared.transport.decorator.RetryableEurekaHttpClient.execute(RetryableEurekaHttpClient.java:112)
	at com.netflix.discovery.shared.transport.decorator.EurekaHttpClientDecorator.cancel(EurekaHttpClientDecorator.java:71)
	at com.netflix.discovery.shared.transport.decorator.EurekaHttpClientDecorator$2.execute(EurekaHttpClientDecorator.java:74)
	at com.netflix.discovery.shared.transport.decorator.SessionedEurekaHttpClient.execute(SessionedEurekaHttpClient.java:76)
	at com.netflix.discovery.shared.transport.decorator.EurekaHttpClientDecorator.cancel(EurekaHttpClientDecorator.java:71)
	at com.netflix.discovery.DiscoveryClient.unregister(DiscoveryClient.java:919)
	at com.netflix.discovery.DiscoveryClient.shutdown(DiscoveryClient.java:900)
	at java.base/jdk.internal.reflect.DirectMethodHandleAccessor.invoke(DirectMethodHandleAccessor.java:103)
	at java.base/java.lang.reflect.Method.invoke(Method.java:580)
	at org.springframework.beans.factory.annotation.InitDestroyAnnotationBeanPostProcessor$LifecycleMethod.invoke(InitDestroyAnnotationBeanPostProcessor.java:457)
	at org.springframework.beans.factory.annotation.InitDestroyAnnotationBeanPostProcessor$LifecycleMetadata.invokeDestroyMethods(InitDestroyAnnotationBeanPostProcessor.java:415)
	at org.springframework.beans.factory.annotation.InitDestroyAnnotationBeanPostProcessor.postProcessBeforeDestruction(InitDestroyAnnotationBeanPostProcessor.java:239)
	at org.springframework.beans.factory.support.DisposableBeanAdapter.destroy(DisposableBeanAdapter.java:202)
	at org.springframework.beans.factory.support.DisposableBeanAdapter.run(DisposableBeanAdapter.java:195)
	at org.springframework.cloud.context.scope.GenericScope$BeanLifecycleWrapper.destroy(GenericScope.java:389)
	at org.springframework.cloud.context.scope.GenericScope.destroy(GenericScope.java:136)
	at org.springframework.beans.factory.support.DisposableBeanAdapter.destroy(DisposableBeanAdapter.java:211)
	at org.springframework.beans.factory.support.DefaultSingletonBeanRegistry.destroyBean(DefaultSingletonBeanRegistry.java:587)
	at org.springframework.beans.factory.support.DefaultSingletonBeanRegistry.destroySingleton(DefaultSingletonBeanRegistry.java:559)
	at org.springframework.beans.factory.support.DefaultListableBeanFactory.destroySingleton(DefaultListableBeanFactory.java:1202)
	at org.springframework.beans.factory.support.DefaultSingletonBeanRegistry.destroySingletons(DefaultSingletonBeanRegistry.java:520)
	at org.springframework.beans.factory.support.DefaultListableBeanFactory.destroySingletons(DefaultListableBeanFactory.java:1195)
	at org.springframework.context.support.AbstractApplicationContext.destroyBeans(AbstractApplicationContext.java:1195)
	at org.springframework.context.support.AbstractApplicationContext.doClose(AbstractApplicationContext.java:1156)
	at org.springframework.boot.web.servlet.context.ServletWebServerApplicationContext.doClose(ServletWebServerApplicationContext.java:174)
	at org.springframework.context.support.AbstractApplicationContext.close(AbstractApplicationContext.java:1102)
	at org.springframework.boot.SpringApplicationShutdownHook.closeAndWait(SpringApplicationShutdownHook.java:145)
	at java.base/java.lang.Iterable.forEach(Iterable.java:75)
	at org.springframework.boot.SpringApplicationShutdownHook.run(SpringApplicationShutdownHook.java:114)
	at java.base/java.lang.Thread.run(Thread.java:1583)
2024-08-15 16:04:14,822 INFO c.n.d.DiscoveryClient [SpringApplicationShutdownHook] Completed shut down of DiscoveryClient
