2024-08-15 15:54:02,734 INFO o.h.v.i.u.Version [background-preinit] HV000001: Hibernate Validator 8.0.1.Final
2024-08-15 15:54:02,797 INFO o.s.b.StartupInfoLogger [main] Starting ExamSercviceApplication using Java 21.0.2 with PID 17064 (C:\Atmosware-staj\examService\target\classes started by Mert in C:\Atmosware-staj)
2024-08-15 15:54:02,798 INFO o.s.b.SpringApplication [main] No active profile set, falling back to 1 default profile: "default"
2024-08-15 15:54:04,458 INFO o.s.d.r.c.RepositoryConfigurationDelegate [main] Bootstrapping Spring Data JPA repositories in DEFAULT mode.
2024-08-15 15:54:04,643 INFO o.s.d.r.c.RepositoryConfigurationDelegate [main] Finished Spring Data repository scanning in 176 ms. Found 4 JPA repository interfaces.
2024-08-15 15:54:04,812 INFO o.s.c.c.s.GenericScope [main] BeanFactory id=de837c37-b2b1-3632-a068-2e527f6b2c85
2024-08-15 15:54:05,186 WARN o.s.c.s.PostProcessorRegistrationDelegate$BeanPostProcessorChecker [main] Bean 'org.springframework.cloud.client.loadbalancer.LoadBalancerAutoConfiguration$DeferringLoadBalancerInterceptorConfig' of type [org.springframework.cloud.client.loadbalancer.LoadBalancerAutoConfiguration$DeferringLoadBalancerInterceptorConfig] is not eligible for getting processed by all BeanPostProcessors (for example: not eligible for auto-proxying). The currently created BeanPostProcessor [lbRestClientPostProcessor] is declared through a non-static factory method on that class; consider declaring it as static instead.
2024-08-15 15:54:05,189 WARN o.s.c.s.PostProcessorRegistrationDelegate$BeanPostProcessorChecker [main] Bean 'deferringLoadBalancerInterceptor' of type [org.springframework.cloud.client.loadbalancer.DeferringLoadBalancerInterceptor] is not eligible for getting processed by all BeanPostProcessors (for example: not eligible for auto-proxying). Is this bean getting eagerly injected into a currently created BeanPostProcessor [lbRestClientPostProcessor]? Check the corresponding BeanPostProcessor declaration and its dependencies.
2024-08-15 15:54:05,494 INFO o.s.b.w.e.t.TomcatWebServer [main] Tomcat initialized with port 5004 (http)
2024-08-15 15:54:05,506 INFO o.a.j.l.DirectJDKLog [main] Initializing ProtocolHandler ["http-nio-5004"]
2024-08-15 15:54:05,508 INFO o.a.j.l.DirectJDKLog [main] Starting service [Tomcat]
2024-08-15 15:54:05,508 INFO o.a.j.l.DirectJDKLog [main] Starting Servlet engine: [Apache Tomcat/10.1.26]
2024-08-15 15:54:05,594 INFO o.a.j.l.DirectJDKLog [main] Initializing Spring embedded WebApplicationContext
2024-08-15 15:54:05,595 INFO o.s.b.w.s.c.ServletWebServerApplicationContext [main] Root WebApplicationContext: initialization completed in 2746 ms
2024-08-15 15:54:05,765 WARN o.s.b.a.s.s.UserDetailsServiceAutoConfiguration [main] 

Using generated security password: 2190e5f0-37ad-4a84-91cd-6e099c2601db

This generated password is for development use only. Your security configuration must be updated before running your application in production.

2024-08-15 15:54:06,034 INFO o.h.j.i.u.LogHelper [main] HHH000204: Processing PersistenceUnitInfo [name: default]
2024-08-15 15:54:06,105 INFO o.h.Version [main] HHH000412: Hibernate ORM core version 6.5.2.Final
2024-08-15 15:54:06,143 INFO o.h.c.i.RegionFactoryInitiator [main] HHH000026: Second-level cache disabled
2024-08-15 15:54:06,479 INFO o.s.o.j.p.SpringPersistenceUnitInfo [main] No LoadTimeWeaver setup: ignoring JPA class transformer
2024-08-15 15:54:06,516 INFO c.z.h.HikariDataSource [main] HikariPool-1 - Starting...
2024-08-15 15:54:06,704 INFO c.z.h.p.HikariPool [main] HikariPool-1 - Added connection org.postgresql.jdbc.PgConnection@426940f9
2024-08-15 15:54:06,705 INFO c.z.h.HikariDataSource [main] HikariPool-1 - Start completed.
2024-08-15 15:54:07,732 INFO o.h.e.t.j.p.i.JtaPlatformInitiator [main] HHH000489: No JTA platform available (set 'hibernate.transaction.jta.platform' to enable JTA platform integration)
2024-08-15 15:54:07,860 INFO o.s.o.j.AbstractEntityManagerFactoryBean [main] Initialized JPA EntityManagerFactory for persistence unit 'default'
2024-08-15 15:54:08,405 INFO n.d.b.g.c.a.GrpcClientAutoConfiguration [main] Detected grpc-netty-shaded: Creating ShadedNettyChannelFactory + InProcessChannelFactory
2024-08-15 15:54:08,836 WARN o.s.b.a.o.j.JpaBaseConfiguration$JpaWebConfiguration [main] spring.jpa.open-in-view is enabled by default. Therefore, database queries may be performed during view rendering. Explicitly configure spring.jpa.open-in-view to disable this warning
2024-08-15 15:54:08,901 INFO o.s.s.c.a.a.c.InitializeUserDetailsBeanManagerConfigurer$InitializeUserDetailsManagerConfigurer [main] Global AuthenticationManager configured with UserDetailsService bean with name inMemoryUserDetailsManager
2024-08-15 15:54:09,366 INFO o.s.b.a.e.w.EndpointLinksResolver [main] Exposing 18 endpoints beneath base path '/actuator'
2024-08-15 15:54:09,569 INFO o.s.c.n.e.c.DiscoveryClientOptionalArgsConfiguration [main] Eureka HTTP Client uses RestTemplate.
2024-08-15 15:54:09,599 INFO n.d.b.g.s.a.GrpcServerFactoryAutoConfiguration [main] Detected grpc-netty-shaded: Creating ShadedNettyGrpcServerFactory
2024-08-15 15:54:09,948 WARN o.s.c.l.c.LoadBalancerCacheAutoConfiguration$LoadBalancerCaffeineWarnLogger [main] Spring Cloud LoadBalancer is currently working with the default cache. While this cache implementation is useful for development and tests, it's recommended to use Caffeine cache in production.You can switch to using Caffeine cache, by adding it and org.springframework.cache.caffeine.CaffeineCacheManager to the classpath.
2024-08-15 15:54:09,993 INFO o.s.c.n.e.InstanceInfoFactory [main] Setting initial instance status as: STARTING
2024-08-15 15:54:10,015 INFO c.n.d.DiscoveryClient [main] Initializing Eureka in region us-east-1
2024-08-15 15:54:10,020 INFO c.n.d.s.r.a.ConfigClusterResolver [main] Resolving eureka endpoints via configuration
2024-08-15 15:54:10,028 INFO c.n.d.DiscoveryClient [main] Disable delta property : false
2024-08-15 15:54:10,029 INFO c.n.d.DiscoveryClient [main] Single vip registry refresh property : null
2024-08-15 15:54:10,029 INFO c.n.d.DiscoveryClient [main] Force full registry fetch : false
2024-08-15 15:54:10,029 INFO c.n.d.DiscoveryClient [main] Application is null : false
2024-08-15 15:54:10,029 INFO c.n.d.DiscoveryClient [main] Registered Applications size is zero : true
2024-08-15 15:54:10,029 INFO c.n.d.DiscoveryClient [main] Application version is -1: true
2024-08-15 15:54:10,029 INFO c.n.d.DiscoveryClient [main] Getting all instance registry info from the eureka server
2024-08-15 15:54:10,459 INFO c.n.d.DiscoveryClient [main] The response status is 200
2024-08-15 15:54:10,460 INFO c.n.d.DiscoveryClient [main] Starting heartbeat executor: renew interval is: 30
2024-08-15 15:54:10,462 INFO c.n.d.InstanceInfoReplicator [main] InstanceInfoReplicator onDemand update allowed rate per min is 4
2024-08-15 15:54:10,463 INFO c.n.d.DiscoveryClient [main] Discovery Client initialized at timestamp 1723726450462 with initial instances count: 1
2024-08-15 15:54:10,468 INFO o.s.c.n.e.s.EurekaServiceRegistry [main] Registering application EXAM-SERVICE with eureka with status UP
2024-08-15 15:54:10,468 INFO c.n.d.DiscoveryClient$6 [main] Saw local status change event StatusChangeEvent [timestamp=1723726450468, current=UP, previous=STARTING]
2024-08-15 15:54:10,470 INFO o.a.j.l.DirectJDKLog [main] Starting ProtocolHandler ["http-nio-5004"]
2024-08-15 15:54:10,470 INFO c.n.d.DiscoveryClient [DiscoveryClient-InstanceInfoReplicator-%d] DiscoveryClient_EXAM-SERVICE/exam-service:d0b5ef64683266f4ed473202cdf018a9: registering service...
2024-08-15 15:54:10,482 INFO o.s.b.w.e.t.TomcatWebServer [main] Tomcat started on port 5004 (http) with context path '/'
2024-08-15 15:54:10,484 INFO o.s.c.n.e.s.EurekaAutoServiceRegistration [main] Updating port to 5004
2024-08-15 15:54:10,491 INFO n.d.b.g.s.s.AbstractGrpcServerFactory [main] Registered gRPC service: tr.com.atmosware.gyt.grpc.ExamService, bean: examGrpcService, class: com.atmosware.belatrix.examSercvice.grpc.server.ExamGrpcService
2024-08-15 15:54:10,491 INFO n.d.b.g.s.s.AbstractGrpcServerFactory [main] Registered gRPC service: grpc.health.v1.Health, bean: grpcHealthService, class: io.grpc.protobuf.services.HealthServiceImpl
2024-08-15 15:54:10,491 INFO n.d.b.g.s.s.AbstractGrpcServerFactory [main] Registered gRPC service: grpc.reflection.v1alpha.ServerReflection, bean: protoReflectionService, class: io.grpc.protobuf.services.ProtoReflectionService
2024-08-15 15:54:10,508 INFO c.n.d.DiscoveryClient [DiscoveryClient-InstanceInfoReplicator-%d] DiscoveryClient_EXAM-SERVICE/exam-service:d0b5ef64683266f4ed473202cdf018a9 - registration status: 204
2024-08-15 15:54:10,582 INFO n.d.b.g.s.s.GrpcServerLifecycle [main] gRPC Server started, listening on address: *, port: 7677
2024-08-15 15:54:10,600 INFO o.s.b.StartupInfoLogger [main] Started ExamSercviceApplication in 8.257 seconds (process running for 8.902)
2024-08-15 15:54:12,852 INFO o.a.j.l.DirectJDKLog [http-nio-5004-exec-2] Initializing Spring DispatcherServlet 'dispatcherServlet'
2024-08-15 15:54:12,852 INFO o.s.w.s.FrameworkServlet [http-nio-5004-exec-2] Initializing Servlet 'dispatcherServlet'
2024-08-15 15:54:12,854 INFO o.s.w.s.FrameworkServlet [http-nio-5004-exec-2] Completed initialization in 1 ms
2024-08-15 15:55:18,723 INFO o.s.c.n.e.s.EurekaServiceRegistry [SpringApplicationShutdownHook] Unregistering application EXAM-SERVICE with eureka with status DOWN
2024-08-15 15:55:18,725 INFO c.n.d.DiscoveryClient$6 [SpringApplicationShutdownHook] Saw local status change event StatusChangeEvent [timestamp=1723726518725, current=DOWN, previous=UP]
2024-08-15 15:55:18,726 INFO c.n.d.DiscoveryClient [DiscoveryClient-InstanceInfoReplicator-%d] DiscoveryClient_EXAM-SERVICE/exam-service:d0b5ef64683266f4ed473202cdf018a9: registering service...
2024-08-15 15:55:18,734 INFO n.d.b.g.s.s.GrpcServerLifecycle [SpringApplicationShutdownHook] Completed gRPC server shutdown
2024-08-15 15:55:18,748 INFO c.n.d.DiscoveryClient [DiscoveryClient-InstanceInfoReplicator-%d] DiscoveryClient_EXAM-SERVICE/exam-service:d0b5ef64683266f4ed473202cdf018a9 - registration status: 204
2024-08-15 15:55:18,757 INFO o.s.o.j.AbstractEntityManagerFactoryBean [SpringApplicationShutdownHook] Closing JPA EntityManagerFactory for persistence unit 'default'
2024-08-15 15:55:18,758 INFO c.z.h.HikariDataSource [SpringApplicationShutdownHook] HikariPool-1 - Shutdown initiated...
2024-08-15 15:55:18,767 INFO c.z.h.HikariDataSource [SpringApplicationShutdownHook] HikariPool-1 - Shutdown completed.
2024-08-15 15:55:18,767 INFO c.n.d.DiscoveryClient [SpringApplicationShutdownHook] Shutting down DiscoveryClient ...
2024-08-15 15:55:21,775 INFO c.n.d.DiscoveryClient [SpringApplicationShutdownHook] Unregistering ...
2024-08-15 15:55:21,794 INFO c.n.d.DiscoveryClient [SpringApplicationShutdownHook] DiscoveryClient_EXAM-SERVICE/exam-service:d0b5ef64683266f4ed473202cdf018a9 - deregister  status: 200
2024-08-15 15:55:21,794 INFO c.n.d.DiscoveryClient [SpringApplicationShutdownHook] Completed shut down of DiscoveryClient
2024-08-15 15:55:24,977 INFO o.h.v.i.u.Version [background-preinit] HV000001: Hibernate Validator 8.0.1.Final
2024-08-15 15:55:25,045 INFO o.s.b.StartupInfoLogger [main] Starting ExamSercviceApplication using Java 21.0.2 with PID 12836 (C:\Atmosware-staj\examService\target\classes started by Mert in C:\Atmosware-staj)
2024-08-15 15:55:25,046 INFO o.s.b.SpringApplication [main] No active profile set, falling back to 1 default profile: "default"
2024-08-15 15:55:26,785 INFO o.s.d.r.c.RepositoryConfigurationDelegate [main] Bootstrapping Spring Data JPA repositories in DEFAULT mode.
2024-08-15 15:55:26,957 INFO o.s.d.r.c.RepositoryConfigurationDelegate [main] Finished Spring Data repository scanning in 164 ms. Found 4 JPA repository interfaces.
2024-08-15 15:55:27,195 INFO o.s.c.c.s.GenericScope [main] BeanFactory id=de837c37-b2b1-3632-a068-2e527f6b2c85
2024-08-15 15:55:27,581 WARN o.s.c.s.PostProcessorRegistrationDelegate$BeanPostProcessorChecker [main] Bean 'org.springframework.cloud.client.loadbalancer.LoadBalancerAutoConfiguration$DeferringLoadBalancerInterceptorConfig' of type [org.springframework.cloud.client.loadbalancer.LoadBalancerAutoConfiguration$DeferringLoadBalancerInterceptorConfig] is not eligible for getting processed by all BeanPostProcessors (for example: not eligible for auto-proxying). The currently created BeanPostProcessor [lbRestClientPostProcessor] is declared through a non-static factory method on that class; consider declaring it as static instead.
2024-08-15 15:55:27,585 WARN o.s.c.s.PostProcessorRegistrationDelegate$BeanPostProcessorChecker [main] Bean 'deferringLoadBalancerInterceptor' of type [org.springframework.cloud.client.loadbalancer.DeferringLoadBalancerInterceptor] is not eligible for getting processed by all BeanPostProcessors (for example: not eligible for auto-proxying). Is this bean getting eagerly injected into a currently created BeanPostProcessor [lbRestClientPostProcessor]? Check the corresponding BeanPostProcessor declaration and its dependencies.
2024-08-15 15:55:27,969 INFO o.s.b.w.e.t.TomcatWebServer [main] Tomcat initialized with port 5004 (http)
2024-08-15 15:55:27,987 INFO o.a.j.l.DirectJDKLog [main] Initializing ProtocolHandler ["http-nio-5004"]
2024-08-15 15:55:27,989 INFO o.a.j.l.DirectJDKLog [main] Starting service [Tomcat]
2024-08-15 15:55:27,989 INFO o.a.j.l.DirectJDKLog [main] Starting Servlet engine: [Apache Tomcat/10.1.26]
2024-08-15 15:55:28,106 INFO o.a.j.l.DirectJDKLog [main] Initializing Spring embedded WebApplicationContext
2024-08-15 15:55:28,109 INFO o.s.b.w.s.c.ServletWebServerApplicationContext [main] Root WebApplicationContext: initialization completed in 2992 ms
2024-08-15 15:55:28,379 WARN o.s.b.a.s.s.UserDetailsServiceAutoConfiguration [main] 

Using generated security password: 2e57003e-67f3-448e-b10c-922f5dfe1bc1

This generated password is for development use only. Your security configuration must be updated before running your application in production.

2024-08-15 15:55:28,679 INFO o.h.j.i.u.LogHelper [main] HHH000204: Processing PersistenceUnitInfo [name: default]
2024-08-15 15:55:28,764 INFO o.h.Version [main] HHH000412: Hibernate ORM core version 6.5.2.Final
2024-08-15 15:55:28,815 INFO o.h.c.i.RegionFactoryInitiator [main] HHH000026: Second-level cache disabled
2024-08-15 15:55:29,157 INFO o.s.o.j.p.SpringPersistenceUnitInfo [main] No LoadTimeWeaver setup: ignoring JPA class transformer
2024-08-15 15:55:29,191 INFO c.z.h.HikariDataSource [main] HikariPool-1 - Starting...
2024-08-15 15:55:29,375 INFO c.z.h.p.HikariPool [main] HikariPool-1 - Added connection org.postgresql.jdbc.PgConnection@2e667e95
2024-08-15 15:55:29,377 INFO c.z.h.HikariDataSource [main] HikariPool-1 - Start completed.
2024-08-15 15:55:30,699 INFO o.h.e.t.j.p.i.JtaPlatformInitiator [main] HHH000489: No JTA platform available (set 'hibernate.transaction.jta.platform' to enable JTA platform integration)
2024-08-15 15:55:30,793 INFO o.s.o.j.AbstractEntityManagerFactoryBean [main] Initialized JPA EntityManagerFactory for persistence unit 'default'
2024-08-15 15:55:31,342 INFO n.d.b.g.c.a.GrpcClientAutoConfiguration [main] Detected grpc-netty-shaded: Creating ShadedNettyChannelFactory + InProcessChannelFactory
2024-08-15 15:55:31,835 WARN o.s.b.a.o.j.JpaBaseConfiguration$JpaWebConfiguration [main] spring.jpa.open-in-view is enabled by default. Therefore, database queries may be performed during view rendering. Explicitly configure spring.jpa.open-in-view to disable this warning
2024-08-15 15:55:31,931 INFO o.s.s.c.a.a.c.InitializeUserDetailsBeanManagerConfigurer$InitializeUserDetailsManagerConfigurer [main] Global AuthenticationManager configured with UserDetailsService bean with name inMemoryUserDetailsManager
2024-08-15 15:55:32,700 INFO o.s.b.a.e.w.EndpointLinksResolver [main] Exposing 18 endpoints beneath base path '/actuator'
2024-08-15 15:55:32,973 INFO o.s.c.n.e.c.DiscoveryClientOptionalArgsConfiguration [main] Eureka HTTP Client uses RestTemplate.
2024-08-15 15:55:33,013 INFO n.d.b.g.s.a.GrpcServerFactoryAutoConfiguration [main] Detected grpc-netty-shaded: Creating ShadedNettyGrpcServerFactory
2024-08-15 15:55:34,172 WARN o.s.c.l.c.LoadBalancerCacheAutoConfiguration$LoadBalancerCaffeineWarnLogger [main] Spring Cloud LoadBalancer is currently working with the default cache. While this cache implementation is useful for development and tests, it's recommended to use Caffeine cache in production.You can switch to using Caffeine cache, by adding it and org.springframework.cache.caffeine.CaffeineCacheManager to the classpath.
2024-08-15 15:55:34,496 INFO o.s.c.n.e.InstanceInfoFactory [main] Setting initial instance status as: STARTING
2024-08-15 15:55:34,556 INFO c.n.d.DiscoveryClient [main] Initializing Eureka in region us-east-1
2024-08-15 15:55:34,562 INFO c.n.d.s.r.a.ConfigClusterResolver [main] Resolving eureka endpoints via configuration
2024-08-15 15:55:34,574 INFO c.n.d.DiscoveryClient [main] Disable delta property : false
2024-08-15 15:55:34,574 INFO c.n.d.DiscoveryClient [main] Single vip registry refresh property : null
2024-08-15 15:55:34,574 INFO c.n.d.DiscoveryClient [main] Force full registry fetch : false
2024-08-15 15:55:34,574 INFO c.n.d.DiscoveryClient [main] Application is null : false
2024-08-15 15:55:34,575 INFO c.n.d.DiscoveryClient [main] Registered Applications size is zero : true
2024-08-15 15:55:34,575 INFO c.n.d.DiscoveryClient [main] Application version is -1: true
2024-08-15 15:55:34,575 INFO c.n.d.DiscoveryClient [main] Getting all instance registry info from the eureka server
2024-08-15 15:55:35,084 INFO c.n.d.DiscoveryClient [main] The response status is 200
2024-08-15 15:55:35,087 INFO c.n.d.DiscoveryClient [main] Starting heartbeat executor: renew interval is: 30
2024-08-15 15:55:35,090 INFO c.n.d.InstanceInfoReplicator [main] InstanceInfoReplicator onDemand update allowed rate per min is 4
2024-08-15 15:55:35,093 INFO c.n.d.DiscoveryClient [main] Discovery Client initialized at timestamp 1723726535091 with initial instances count: 1
2024-08-15 15:55:35,099 INFO o.s.c.n.e.s.EurekaServiceRegistry [main] Registering application EXAM-SERVICE with eureka with status UP
2024-08-15 15:55:35,102 INFO c.n.d.DiscoveryClient$6 [main] Saw local status change event StatusChangeEvent [timestamp=1723726535102, current=UP, previous=STARTING]
2024-08-15 15:55:35,105 INFO c.n.d.DiscoveryClient [DiscoveryClient-InstanceInfoReplicator-%d] DiscoveryClient_EXAM-SERVICE/exam-service:ff177c0293522870f16e2f3c1f99b702: registering service...
2024-08-15 15:55:35,105 INFO o.a.j.l.DirectJDKLog [main] Starting ProtocolHandler ["http-nio-5004"]
2024-08-15 15:55:35,124 INFO o.s.b.w.e.t.TomcatWebServer [main] Tomcat started on port 5004 (http) with context path '/'
2024-08-15 15:55:35,128 INFO o.s.c.n.e.s.EurekaAutoServiceRegistration [main] Updating port to 5004
2024-08-15 15:55:35,141 INFO n.d.b.g.s.s.AbstractGrpcServerFactory [main] Registered gRPC service: tr.com.atmosware.gyt.grpc.ExamService, bean: examGrpcService, class: com.atmosware.belatrix.examSercvice.grpc.server.ExamGrpcService
2024-08-15 15:55:35,142 INFO n.d.b.g.s.s.AbstractGrpcServerFactory [main] Registered gRPC service: grpc.health.v1.Health, bean: grpcHealthService, class: io.grpc.protobuf.services.HealthServiceImpl
2024-08-15 15:55:35,142 INFO n.d.b.g.s.s.AbstractGrpcServerFactory [main] Registered gRPC service: grpc.reflection.v1alpha.ServerReflection, bean: protoReflectionService, class: io.grpc.protobuf.services.ProtoReflectionService
2024-08-15 15:55:35,180 INFO c.n.d.DiscoveryClient [DiscoveryClient-InstanceInfoReplicator-%d] DiscoveryClient_EXAM-SERVICE/exam-service:ff177c0293522870f16e2f3c1f99b702 - registration status: 204
2024-08-15 15:55:35,276 INFO n.d.b.g.s.s.GrpcServerLifecycle [main] gRPC Server started, listening on address: *, port: 7677
2024-08-15 15:55:35,300 INFO o.s.b.StartupInfoLogger [main] Started ExamSercviceApplication in 10.848 seconds (process running for 12.114)
2024-08-15 15:55:37,875 INFO o.a.j.l.DirectJDKLog [http-nio-5004-exec-2] Initializing Spring DispatcherServlet 'dispatcherServlet'
2024-08-15 15:55:37,875 INFO o.s.w.s.FrameworkServlet [http-nio-5004-exec-2] Initializing Servlet 'dispatcherServlet'
2024-08-15 15:55:37,877 INFO o.s.w.s.FrameworkServlet [http-nio-5004-exec-2] Completed initialization in 2 ms
2024-08-15 16:00:34,578 INFO c.n.d.s.r.a.ConfigClusterResolver [AsyncResolver-bootstrap-executor-%d] Resolving eureka endpoints via configuration
2024-08-15 16:04:11,809 INFO o.s.c.n.e.s.EurekaServiceRegistry [SpringApplicationShutdownHook] Unregistering application EXAM-SERVICE with eureka with status DOWN
2024-08-15 16:04:11,811 INFO c.n.d.DiscoveryClient$6 [SpringApplicationShutdownHook] Saw local status change event StatusChangeEvent [timestamp=1723727051811, current=DOWN, previous=UP]
2024-08-15 16:04:11,811 INFO c.n.d.DiscoveryClient [DiscoveryClient-InstanceInfoReplicator-%d] DiscoveryClient_EXAM-SERVICE/exam-service:ff177c0293522870f16e2f3c1f99b702: registering service...
2024-08-15 16:04:11,822 INFO n.d.b.g.s.s.GrpcServerLifecycle [SpringApplicationShutdownHook] Completed gRPC server shutdown
2024-08-15 16:04:11,826 INFO c.n.d.DiscoveryClient [DiscoveryClient-InstanceInfoReplicator-%d] DiscoveryClient_EXAM-SERVICE/exam-service:ff177c0293522870f16e2f3c1f99b702 - registration status: 204
2024-08-15 16:04:11,847 INFO o.s.o.j.AbstractEntityManagerFactoryBean [SpringApplicationShutdownHook] Closing JPA EntityManagerFactory for persistence unit 'default'
2024-08-15 16:04:11,849 INFO c.z.h.HikariDataSource [SpringApplicationShutdownHook] HikariPool-1 - Shutdown initiated...
2024-08-15 16:04:11,860 INFO c.z.h.HikariDataSource [SpringApplicationShutdownHook] HikariPool-1 - Shutdown completed.
2024-08-15 16:04:11,862 INFO c.n.d.DiscoveryClient [SpringApplicationShutdownHook] Shutting down DiscoveryClient ...
2024-08-15 16:04:14,868 INFO c.n.d.DiscoveryClient [SpringApplicationShutdownHook] Unregistering ...
2024-08-15 16:04:14,879 INFO c.n.d.s.t.d.RedirectingEurekaHttpClient [SpringApplicationShutdownHook] Request execution error. endpoint=DefaultEndpoint{ serviceUrl='http://localhost:5000/eureka/} exception=I/O error on DELETE request for "http://localhost:5000/eureka/apps/EXAM-SERVICE/exam-service:ff177c0293522870f16e2f3c1f99b702": Connect to http://localhost:5000 [localhost/127.0.0.1, localhost/0:0:0:0:0:0:0:1] failed: Connection refused: getsockopt stacktrace=org.springframework.web.client.ResourceAccessException: I/O error on DELETE request for "http://localhost:5000/eureka/apps/EXAM-SERVICE/exam-service:ff177c0293522870f16e2f3c1f99b702": Connect to http://localhost:5000 [localhost/127.0.0.1, localhost/0:0:0:0:0:0:0:1] failed: Connection refused: getsockopt
	at org.springframework.web.client.RestTemplate.createResourceAccessException(RestTemplate.java:915)
	at org.springframework.web.client.RestTemplate.doExecute(RestTemplate.java:895)
	at org.springframework.web.client.RestTemplate.execute(RestTemplate.java:790)
	at org.springframework.web.client.RestTemplate.exchange(RestTemplate.java:672)
	at org.springframework.cloud.netflix.eureka.http.RestTemplateEurekaHttpClient.cancel(RestTemplateEurekaHttpClient.java:87)
	at com.netflix.discovery.shared.transport.decorator.EurekaHttpClientDecorator$2.execute(EurekaHttpClientDecorator.java:74)
	at com.netflix.discovery.shared.transport.decorator.RedirectingEurekaHttpClient.execute(RedirectingEurekaHttpClient.java:91)
	at com.netflix.discovery.shared.transport.decorator.EurekaHttpClientDecorator.cancel(EurekaHttpClientDecorator.java:71)
	at com.netflix.discovery.shared.transport.decorator.EurekaHttpClientDecorator$2.execute(EurekaHttpClientDecorator.java:74)
	at com.netflix.discovery.shared.transport.decorator.RetryableEurekaHttpClient.execute(RetryableEurekaHttpClient.java:120)
	at com.netflix.discovery.shared.transport.decorator.EurekaHttpClientDecorator.cancel(EurekaHttpClientDecorator.java:71)
	at com.netflix.discovery.shared.transport.decorator.EurekaHttpClientDecorator$2.execute(EurekaHttpClientDecorator.java:74)
	at com.netflix.discovery.shared.transport.decorator.SessionedEurekaHttpClient.execute(SessionedEurekaHttpClient.java:76)
	at com.netflix.discovery.shared.transport.decorator.EurekaHttpClientDecorator.cancel(EurekaHttpClientDecorator.java:71)
	at com.netflix.discovery.DiscoveryClient.unregister(DiscoveryClient.java:919)
	at com.netflix.discovery.DiscoveryClient.shutdown(DiscoveryClient.java:900)
	at java.base/jdk.internal.reflect.DirectMethodHandleAccessor.invoke(DirectMethodHandleAccessor.java:103)
	at java.base/java.lang.reflect.Method.invoke(Method.java:580)
	at org.springframework.beans.factory.annotation.InitDestroyAnnotationBeanPostProcessor$LifecycleMethod.invoke(InitDestroyAnnotationBeanPostProcessor.java:457)
	at org.springframework.beans.factory.annotation.InitDestroyAnnotationBeanPostProcessor$LifecycleMetadata.invokeDestroyMethods(InitDestroyAnnotationBeanPostProcessor.java:415)
	at org.springframework.beans.factory.annotation.InitDestroyAnnotationBeanPostProcessor.postProcessBeforeDestruction(InitDestroyAnnotationBeanPostProcessor.java:239)
	at org.springframework.beans.factory.support.DisposableBeanAdapter.destroy(DisposableBeanAdapter.java:202)
	at org.springframework.beans.factory.support.DisposableBeanAdapter.run(DisposableBeanAdapter.java:195)
	at org.springframework.cloud.context.scope.GenericScope$BeanLifecycleWrapper.destroy(GenericScope.java:389)
	at org.springframework.cloud.context.scope.GenericScope.destroy(GenericScope.java:136)
	at org.springframework.beans.factory.support.DisposableBeanAdapter.destroy(DisposableBeanAdapter.java:211)
	at org.springframework.beans.factory.support.DefaultSingletonBeanRegistry.destroyBean(DefaultSingletonBeanRegistry.java:587)
	at org.springframework.beans.factory.support.DefaultSingletonBeanRegistry.destroySingleton(DefaultSingletonBeanRegistry.java:559)
	at org.springframework.beans.factory.support.DefaultListableBeanFactory.destroySingleton(DefaultListableBeanFactory.java:1202)
	at org.springframework.beans.factory.support.DefaultSingletonBeanRegistry.destroySingletons(DefaultSingletonBeanRegistry.java:520)
	at org.springframework.beans.factory.support.DefaultListableBeanFactory.destroySingletons(DefaultListableBeanFactory.java:1195)
	at org.springframework.context.support.AbstractApplicationContext.destroyBeans(AbstractApplicationContext.java:1195)
	at org.springframework.context.support.AbstractApplicationContext.doClose(AbstractApplicationContext.java:1156)
	at org.springframework.boot.web.servlet.context.ServletWebServerApplicationContext.doClose(ServletWebServerApplicationContext.java:174)
	at org.springframework.context.support.AbstractApplicationContext.close(AbstractApplicationContext.java:1102)
	at org.springframework.boot.SpringApplicationShutdownHook.closeAndWait(SpringApplicationShutdownHook.java:145)
	at java.base/java.lang.Iterable.forEach(Iterable.java:75)
	at org.springframework.boot.SpringApplicationShutdownHook.run(SpringApplicationShutdownHook.java:114)
	at java.base/java.lang.Thread.run(Thread.java:1583)
Caused by: org.apache.hc.client5.http.HttpHostConnectException: Connect to http://localhost:5000 [localhost/127.0.0.1, localhost/0:0:0:0:0:0:0:1] failed: Connection refused: getsockopt
	at java.base/sun.nio.ch.Net.pollConnect(Native Method)
	at java.base/sun.nio.ch.Net.pollConnectNow(Net.java:682)
	at java.base/sun.nio.ch.NioSocketImpl.timedFinishConnect(NioSocketImpl.java:542)
	at java.base/sun.nio.ch.NioSocketImpl.connect(NioSocketImpl.java:592)
	at java.base/java.net.SocksSocketImpl.connect(SocksSocketImpl.java:327)
	at java.base/java.net.Socket.connect(Socket.java:751)
	at org.apache.hc.client5.http.socket.PlainConnectionSocketFactory.lambda$connectSocket$0(PlainConnectionSocketFactory.java:91)
	at java.base/java.security.AccessController.doPrivileged(AccessController.java:571)
	at org.apache.hc.client5.http.socket.PlainConnectionSocketFactory.connectSocket(PlainConnectionSocketFactory.java:90)
	at org.apache.hc.client5.http.socket.ConnectionSocketFactory.connectSocket(ConnectionSocketFactory.java:123)
	at org.apache.hc.client5.http.impl.io.DefaultHttpClientConnectionOperator.connect(DefaultHttpClientConnectionOperator.java:189)
	at org.apache.hc.client5.http.impl.io.PoolingHttpClientConnectionManager.connect(PoolingHttpClientConnectionManager.java:450)
	at org.apache.hc.client5.http.impl.classic.InternalExecRuntime.connectEndpoint(InternalExecRuntime.java:162)
	at org.apache.hc.client5.http.impl.classic.InternalExecRuntime.connectEndpoint(InternalExecRuntime.java:172)
	at org.apache.hc.client5.http.impl.classic.ConnectExec.execute(ConnectExec.java:142)
	at org.apache.hc.client5.http.impl.classic.ExecChainElement.execute(ExecChainElement.java:51)
	at org.apache.hc.client5.http.impl.classic.ProtocolExec.execute(ProtocolExec.java:192)
	at org.apache.hc.client5.http.impl.classic.ExecChainElement.execute(ExecChainElement.java:51)
	at org.apache.hc.client5.http.impl.classic.HttpRequestRetryExec.execute(HttpRequestRetryExec.java:113)
	at org.apache.hc.client5.http.impl.classic.ExecChainElement.execute(ExecChainElement.java:51)
	at org.apache.hc.client5.http.impl.classic.ContentCompressionExec.execute(ContentCompressionExec.java:152)
	at org.apache.hc.client5.http.impl.classic.ExecChainElement.execute(ExecChainElement.java:51)
	at org.apache.hc.client5.http.impl.classic.RedirectExec.execute(RedirectExec.java:116)
	at org.apache.hc.client5.http.impl.classic.ExecChainElement.execute(ExecChainElement.java:51)
	at org.apache.hc.client5.http.impl.classic.InternalHttpClient.doExecute(InternalHttpClient.java:170)
	at org.apache.hc.client5.http.impl.classic.CloseableHttpClient.execute(CloseableHttpClient.java:87)
	at org.apache.hc.client5.http.impl.classic.CloseableHttpClient.execute(CloseableHttpClient.java:55)
	at org.apache.hc.client5.http.classic.HttpClient.executeOpen(HttpClient.java:183)
	at org.springframework.http.client.HttpComponentsClientHttpRequest.executeInternal(HttpComponentsClientHttpRequest.java:99)
	at org.springframework.http.client.AbstractStreamingClientHttpRequest.executeInternal(AbstractStreamingClientHttpRequest.java:70)
	at org.springframework.http.client.AbstractClientHttpRequest.execute(AbstractClientHttpRequest.java:66)
	at org.springframework.http.client.InterceptingClientHttpRequest$InterceptingRequestExecution.execute(InterceptingClientHttpRequest.java:112)
	at org.springframework.cloud.netflix.eureka.http.RestTemplateTransportClientFactory.lambda$restTemplate$3(RestTemplateTransportClientFactory.java:170)
	at org.springframework.http.client.InterceptingClientHttpRequest$InterceptingRequestExecution.execute(InterceptingClientHttpRequest.java:88)
	at org.springframework.http.client.InterceptingClientHttpRequest.executeInternal(InterceptingClientHttpRequest.java:72)
	at org.springframework.http.client.AbstractBufferingClientHttpRequest.executeInternal(AbstractBufferingClientHttpRequest.java:48)
	at org.springframework.http.client.AbstractClientHttpRequest.execute(AbstractClientHttpRequest.java:66)
	at org.springframework.web.client.RestTemplate.doExecute(RestTemplate.java:889)
	... 37 more

2024-08-15 16:04:14,880 WARN c.n.d.s.t.d.RetryableEurekaHttpClient [SpringApplicationShutdownHook] Request execution failed with message: I/O error on DELETE request for "http://localhost:5000/eureka/apps/EXAM-SERVICE/exam-service:ff177c0293522870f16e2f3c1f99b702": Connect to http://localhost:5000 [localhost/127.0.0.1, localhost/0:0:0:0:0:0:0:1] failed: Connection refused: getsockopt
2024-08-15 16:04:14,888 INFO c.n.d.s.t.d.RedirectingEurekaHttpClient [SpringApplicationShutdownHook] Request execution error. endpoint=DefaultEndpoint{ serviceUrl='http://localhost:5000/eureka/}, exception=I/O error on DELETE request for "http://localhost:5000/eureka/apps/EXAM-SERVICE/exam-service:ff177c0293522870f16e2f3c1f99b702": Connect to http://localhost:5000 [localhost/127.0.0.1, localhost/0:0:0:0:0:0:0:1] failed: Connection refused: getsockopt stacktrace=org.springframework.web.client.ResourceAccessException: I/O error on DELETE request for "http://localhost:5000/eureka/apps/EXAM-SERVICE/exam-service:ff177c0293522870f16e2f3c1f99b702": Connect to http://localhost:5000 [localhost/127.0.0.1, localhost/0:0:0:0:0:0:0:1] failed: Connection refused: getsockopt
	at org.springframework.web.client.RestTemplate.createResourceAccessException(RestTemplate.java:915)
	at org.springframework.web.client.RestTemplate.doExecute(RestTemplate.java:895)
	at org.springframework.web.client.RestTemplate.execute(RestTemplate.java:790)
	at org.springframework.web.client.RestTemplate.exchange(RestTemplate.java:672)
	at org.springframework.cloud.netflix.eureka.http.RestTemplateEurekaHttpClient.cancel(RestTemplateEurekaHttpClient.java:87)
	at com.netflix.discovery.shared.transport.decorator.EurekaHttpClientDecorator$2.execute(EurekaHttpClientDecorator.java:74)
	at com.netflix.discovery.shared.transport.decorator.RedirectingEurekaHttpClient.executeOnNewServer(RedirectingEurekaHttpClient.java:121)
	at com.netflix.discovery.shared.transport.decorator.RedirectingEurekaHttpClient.execute(RedirectingEurekaHttpClient.java:80)
	at com.netflix.discovery.shared.transport.decorator.EurekaHttpClientDecorator.cancel(EurekaHttpClientDecorator.java:71)
	at com.netflix.discovery.shared.transport.decorator.EurekaHttpClientDecorator$2.execute(EurekaHttpClientDecorator.java:74)
	at com.netflix.discovery.shared.transport.decorator.RetryableEurekaHttpClient.execute(RetryableEurekaHttpClient.java:120)
	at com.netflix.discovery.shared.transport.decorator.EurekaHttpClientDecorator.cancel(EurekaHttpClientDecorator.java:71)
	at com.netflix.discovery.shared.transport.decorator.EurekaHttpClientDecorator$2.execute(EurekaHttpClientDecorator.java:74)
	at com.netflix.discovery.shared.transport.decorator.SessionedEurekaHttpClient.execute(SessionedEurekaHttpClient.java:76)
	at com.netflix.discovery.shared.transport.decorator.EurekaHttpClientDecorator.cancel(EurekaHttpClientDecorator.java:71)
	at com.netflix.discovery.DiscoveryClient.unregister(DiscoveryClient.java:919)
	at com.netflix.discovery.DiscoveryClient.shutdown(DiscoveryClient.java:900)
	at java.base/jdk.internal.reflect.DirectMethodHandleAccessor.invoke(DirectMethodHandleAccessor.java:103)
	at java.base/java.lang.reflect.Method.invoke(Method.java:580)
	at org.springframework.beans.factory.annotation.InitDestroyAnnotationBeanPostProcessor$LifecycleMethod.invoke(InitDestroyAnnotationBeanPostProcessor.java:457)
	at org.springframework.beans.factory.annotation.InitDestroyAnnotationBeanPostProcessor$LifecycleMetadata.invokeDestroyMethods(InitDestroyAnnotationBeanPostProcessor.java:415)
	at org.springframework.beans.factory.annotation.InitDestroyAnnotationBeanPostProcessor.postProcessBeforeDestruction(InitDestroyAnnotationBeanPostProcessor.java:239)
	at org.springframework.beans.factory.support.DisposableBeanAdapter.destroy(DisposableBeanAdapter.java:202)
	at org.springframework.beans.factory.support.DisposableBeanAdapter.run(DisposableBeanAdapter.java:195)
	at org.springframework.cloud.context.scope.GenericScope$BeanLifecycleWrapper.destroy(GenericScope.java:389)
	at org.springframework.cloud.context.scope.GenericScope.destroy(GenericScope.java:136)
	at org.springframework.beans.factory.support.DisposableBeanAdapter.destroy(DisposableBeanAdapter.java:211)
	at org.springframework.beans.factory.support.DefaultSingletonBeanRegistry.destroyBean(DefaultSingletonBeanRegistry.java:587)
	at org.springframework.beans.factory.support.DefaultSingletonBeanRegistry.destroySingleton(DefaultSingletonBeanRegistry.java:559)
	at org.springframework.beans.factory.support.DefaultListableBeanFactory.destroySingleton(DefaultListableBeanFactory.java:1202)
	at org.springframework.beans.factory.support.DefaultSingletonBeanRegistry.destroySingletons(DefaultSingletonBeanRegistry.java:520)
	at org.springframework.beans.factory.support.DefaultListableBeanFactory.destroySingletons(DefaultListableBeanFactory.java:1195)
	at org.springframework.context.support.AbstractApplicationContext.destroyBeans(AbstractApplicationContext.java:1195)
	at org.springframework.context.support.AbstractApplicationContext.doClose(AbstractApplicationContext.java:1156)
	at org.springframework.boot.web.servlet.context.ServletWebServerApplicationContext.doClose(ServletWebServerApplicationContext.java:174)
	at org.springframework.context.support.AbstractApplicationContext.close(AbstractApplicationContext.java:1102)
	at org.springframework.boot.SpringApplicationShutdownHook.closeAndWait(SpringApplicationShutdownHook.java:145)
	at java.base/java.lang.Iterable.forEach(Iterable.java:75)
	at org.springframework.boot.SpringApplicationShutdownHook.run(SpringApplicationShutdownHook.java:114)
	at java.base/java.lang.Thread.run(Thread.java:1583)
Caused by: org.apache.hc.client5.http.HttpHostConnectException: Connect to http://localhost:5000 [localhost/127.0.0.1, localhost/0:0:0:0:0:0:0:1] failed: Connection refused: getsockopt
	at java.base/sun.nio.ch.Net.pollConnect(Native Method)
	at java.base/sun.nio.ch.Net.pollConnectNow(Net.java:682)
	at java.base/sun.nio.ch.NioSocketImpl.timedFinishConnect(NioSocketImpl.java:542)
	at java.base/sun.nio.ch.NioSocketImpl.connect(NioSocketImpl.java:592)
	at java.base/java.net.SocksSocketImpl.connect(SocksSocketImpl.java:327)
	at java.base/java.net.Socket.connect(Socket.java:751)
	at org.apache.hc.client5.http.socket.PlainConnectionSocketFactory.lambda$connectSocket$0(PlainConnectionSocketFactory.java:91)
	at java.base/java.security.AccessController.doPrivileged(AccessController.java:571)
	at org.apache.hc.client5.http.socket.PlainConnectionSocketFactory.connectSocket(PlainConnectionSocketFactory.java:90)
	at org.apache.hc.client5.http.socket.ConnectionSocketFactory.connectSocket(ConnectionSocketFactory.java:123)
	at org.apache.hc.client5.http.impl.io.DefaultHttpClientConnectionOperator.connect(DefaultHttpClientConnectionOperator.java:189)
	at org.apache.hc.client5.http.impl.io.PoolingHttpClientConnectionManager.connect(PoolingHttpClientConnectionManager.java:450)
	at org.apache.hc.client5.http.impl.classic.InternalExecRuntime.connectEndpoint(InternalExecRuntime.java:162)
	at org.apache.hc.client5.http.impl.classic.InternalExecRuntime.connectEndpoint(InternalExecRuntime.java:172)
	at org.apache.hc.client5.http.impl.classic.ConnectExec.execute(ConnectExec.java:142)
	at org.apache.hc.client5.http.impl.classic.ExecChainElement.execute(ExecChainElement.java:51)
	at org.apache.hc.client5.http.impl.classic.ProtocolExec.execute(ProtocolExec.java:192)
	at org.apache.hc.client5.http.impl.classic.ExecChainElement.execute(ExecChainElement.java:51)
	at org.apache.hc.client5.http.impl.classic.HttpRequestRetryExec.execute(HttpRequestRetryExec.java:113)
	at org.apache.hc.client5.http.impl.classic.ExecChainElement.execute(ExecChainElement.java:51)
	at org.apache.hc.client5.http.impl.classic.ContentCompressionExec.execute(ContentCompressionExec.java:152)
	at org.apache.hc.client5.http.impl.classic.ExecChainElement.execute(ExecChainElement.java:51)
	at org.apache.hc.client5.http.impl.classic.RedirectExec.execute(RedirectExec.java:116)
	at org.apache.hc.client5.http.impl.classic.ExecChainElement.execute(ExecChainElement.java:51)
	at org.apache.hc.client5.http.impl.classic.InternalHttpClient.doExecute(InternalHttpClient.java:170)
	at org.apache.hc.client5.http.impl.classic.CloseableHttpClient.execute(CloseableHttpClient.java:87)
	at org.apache.hc.client5.http.impl.classic.CloseableHttpClient.execute(CloseableHttpClient.java:55)
	at org.apache.hc.client5.http.classic.HttpClient.executeOpen(HttpClient.java:183)
	at org.springframework.http.client.HttpComponentsClientHttpRequest.executeInternal(HttpComponentsClientHttpRequest.java:99)
	at org.springframework.http.client.AbstractStreamingClientHttpRequest.executeInternal(AbstractStreamingClientHttpRequest.java:70)
	at org.springframework.http.client.AbstractClientHttpRequest.execute(AbstractClientHttpRequest.java:66)
	at org.springframework.http.client.InterceptingClientHttpRequest$InterceptingRequestExecution.execute(InterceptingClientHttpRequest.java:112)
	at org.springframework.cloud.netflix.eureka.http.RestTemplateTransportClientFactory.lambda$restTemplate$3(RestTemplateTransportClientFactory.java:170)
	at org.springframework.http.client.InterceptingClientHttpRequest$InterceptingRequestExecution.execute(InterceptingClientHttpRequest.java:88)
	at org.springframework.http.client.InterceptingClientHttpRequest.executeInternal(InterceptingClientHttpRequest.java:72)
	at org.springframework.http.client.AbstractBufferingClientHttpRequest.executeInternal(AbstractBufferingClientHttpRequest.java:48)
	at org.springframework.http.client.AbstractClientHttpRequest.execute(AbstractClientHttpRequest.java:66)
	at org.springframework.web.client.RestTemplate.doExecute(RestTemplate.java:889)
	... 38 more

2024-08-15 16:04:14,888 WARN c.n.d.s.t.d.RetryableEurekaHttpClient [SpringApplicationShutdownHook] Request execution failed with message: I/O error on DELETE request for "http://localhost:5000/eureka/apps/EXAM-SERVICE/exam-service:ff177c0293522870f16e2f3c1f99b702": Connect to http://localhost:5000 [localhost/127.0.0.1, localhost/0:0:0:0:0:0:0:1] failed: Connection refused: getsockopt
2024-08-15 16:04:14,888 ERROR c.n.d.DiscoveryClient [SpringApplicationShutdownHook] DiscoveryClient_EXAM-SERVICE/exam-service:ff177c0293522870f16e2f3c1f99b702 - de-registration failedCannot execute request on any known server
com.netflix.discovery.shared.transport.TransportException: Cannot execute request on any known server
	at com.netflix.discovery.shared.transport.decorator.RetryableEurekaHttpClient.execute(RetryableEurekaHttpClient.java:112)
	at com.netflix.discovery.shared.transport.decorator.EurekaHttpClientDecorator.cancel(EurekaHttpClientDecorator.java:71)
	at com.netflix.discovery.shared.transport.decorator.EurekaHttpClientDecorator$2.execute(EurekaHttpClientDecorator.java:74)
	at com.netflix.discovery.shared.transport.decorator.SessionedEurekaHttpClient.execute(SessionedEurekaHttpClient.java:76)
	at com.netflix.discovery.shared.transport.decorator.EurekaHttpClientDecorator.cancel(EurekaHttpClientDecorator.java:71)
	at com.netflix.discovery.DiscoveryClient.unregister(DiscoveryClient.java:919)
	at com.netflix.discovery.DiscoveryClient.shutdown(DiscoveryClient.java:900)
	at java.base/jdk.internal.reflect.DirectMethodHandleAccessor.invoke(DirectMethodHandleAccessor.java:103)
	at java.base/java.lang.reflect.Method.invoke(Method.java:580)
	at org.springframework.beans.factory.annotation.InitDestroyAnnotationBeanPostProcessor$LifecycleMethod.invoke(InitDestroyAnnotationBeanPostProcessor.java:457)
	at org.springframework.beans.factory.annotation.InitDestroyAnnotationBeanPostProcessor$LifecycleMetadata.invokeDestroyMethods(InitDestroyAnnotationBeanPostProcessor.java:415)
	at org.springframework.beans.factory.annotation.InitDestroyAnnotationBeanPostProcessor.postProcessBeforeDestruction(InitDestroyAnnotationBeanPostProcessor.java:239)
	at org.springframework.beans.factory.support.DisposableBeanAdapter.destroy(DisposableBeanAdapter.java:202)
	at org.springframework.beans.factory.support.DisposableBeanAdapter.run(DisposableBeanAdapter.java:195)
	at org.springframework.cloud.context.scope.GenericScope$BeanLifecycleWrapper.destroy(GenericScope.java:389)
	at org.springframework.cloud.context.scope.GenericScope.destroy(GenericScope.java:136)
	at org.springframework.beans.factory.support.DisposableBeanAdapter.destroy(DisposableBeanAdapter.java:211)
	at org.springframework.beans.factory.support.DefaultSingletonBeanRegistry.destroyBean(DefaultSingletonBeanRegistry.java:587)
	at org.springframework.beans.factory.support.DefaultSingletonBeanRegistry.destroySingleton(DefaultSingletonBeanRegistry.java:559)
	at org.springframework.beans.factory.support.DefaultListableBeanFactory.destroySingleton(DefaultListableBeanFactory.java:1202)
	at org.springframework.beans.factory.support.DefaultSingletonBeanRegistry.destroySingletons(DefaultSingletonBeanRegistry.java:520)
	at org.springframework.beans.factory.support.DefaultListableBeanFactory.destroySingletons(DefaultListableBeanFactory.java:1195)
	at org.springframework.context.support.AbstractApplicationContext.destroyBeans(AbstractApplicationContext.java:1195)
	at org.springframework.context.support.AbstractApplicationContext.doClose(AbstractApplicationContext.java:1156)
	at org.springframework.boot.web.servlet.context.ServletWebServerApplicationContext.doClose(ServletWebServerApplicationContext.java:174)
	at org.springframework.context.support.AbstractApplicationContext.close(AbstractApplicationContext.java:1102)
	at org.springframework.boot.SpringApplicationShutdownHook.closeAndWait(SpringApplicationShutdownHook.java:145)
	at java.base/java.lang.Iterable.forEach(Iterable.java:75)
	at org.springframework.boot.SpringApplicationShutdownHook.run(SpringApplicationShutdownHook.java:114)
	at java.base/java.lang.Thread.run(Thread.java:1583)
2024-08-15 16:04:14,890 INFO c.n.d.DiscoveryClient [SpringApplicationShutdownHook] Completed shut down of DiscoveryClient
